#
# A fatal error has been detected by the Java Runtime Environment:
#
#  EXCEPTION_ACCESS_VIOLATION (0xc0000005) at pc=0x000000005f081c22, pid=10004, tid=2352
#
# JRE version: Java(TM) SE Runtime Environment (10.0.2+13) (build 10.0.2+13)
# Java VM: Java HotSpot(TM) 64-Bit Server VM (10.0.2+13, mixed mode, tiered, compressed oops, g1 gc, windows-amd64)
# Problematic frame:
# V  [jvm.dll+0x201c22]
#
# No core dump will be written. Minidumps are not enabled by default on client versions of Windows
#
# If you would like to submit a bug report, please visit:
#   http://bugreport.java.com/bugreport/crash.jsp
#

---------------  S U M M A R Y ------------

Command Line: -agentlib:jdwp=transport=dt_socket,address=127.0.0.1:52468,suspend=y,server=n -javaagent:C:\Users\alfaa\.IntelliJIdea2019.3\system\captureAgent\debugger-agent.jar -Dfile.encoding=UTF-8 Main

Host: Intel(R) Core(TM) i5-1035G4 CPU @ 1.10GHz, 8 cores, 19G,  Windows 10 , 64 bit Build 18362 (10.0.18362.1110)
Time: Tue Oct 20 15:30:35 2020 Eastern Daylight Time elapsed time: 13 seconds (0d 0h 0m 13s)

---------------  T H R E A D  ---------------

Current thread (0x00000269605ce800):  JavaThread "C2 CompilerThread1" daemon [_thread_in_native, id=2352, stack(0x000000db2d800000,0x000000db2d900000)]


Current CompileTask:
C2:  13420 1806       4       jdk.internal.org.objectweb.asm.Frame::execute (2264 bytes)

Stack: [0x000000db2d800000,0x000000db2d900000],  sp=0x000000db2d8fb930,  free space=1006k
Native frames: (J=compiled Java code, j=interpreted, Vv=VM code, C=native code)
V  [jvm.dll+0x201c22]
V  [jvm.dll+0x1ff0a1]
V  [jvm.dll+0x17c94b]
V  [jvm.dll+0x20c8dd]
V  [jvm.dll+0x20b6a6]
V  [jvm.dll+0x68b7ff]
V  [jvm.dll+0x59f4b0]
C  [msvcr120.dll+0x24f7f]
C  [msvcr120.dll+0x25126]
C  [KERNEL32.DLL+0x17c24]
C  [ntdll.dll+0x6cea1]


siginfo: EXCEPTION_ACCESS_VIOLATION (0xc0000005), reading address 0xffffffffffffffff


Register to memory mapping:

RIP=0x000000005f081c22 jvm.dll
RAX=0x41575618245c8948 is an unknown value
RBX=0x0000000000000000 is an unknown value
RCX=0x00007fffc37fc284 ntdll.dll
RDX=0x0000000000000000 is an unknown value
RSP=0x000000db2d8fb930 is pointing into the stack for thread: 0x00000269605ce800
RBP=0x000000db2d8fba30 is pointing into the stack for thread: 0x00000269605ce800
RSI=0x0000026969cbdc20 is an unknown value
RDI=0x000000db2d8ff330 is pointing into the stack for thread: 0x00000269605ce800
R8 =0x000000db2d8fb878 is pointing into the stack for thread: 0x00000269605ce800
R9 =0x000000db2d8fba30 is pointing into the stack for thread: 0x00000269605ce800
R10=0x0000000000000000 is an unknown value
R11=0x0000000000000246 is an unknown value
R12=0x0000026960582320 is an unknown value
R13=0x000000005f44ee60 jvm.dll
R14=0x0000000000000000 is an unknown value
R15=0x000000db2d8fe640 is pointing into the stack for thread: 0x00000269605ce800


Registers:
RAX=0x41575618245c8948, RBX=0x0000000000000000, RCX=0x00007fffc37fc284, RDX=0x0000000000000000
RSP=0x000000db2d8fb930, RBP=0x000000db2d8fba30, RSI=0x0000026969cbdc20, RDI=0x000000db2d8ff330
R8 =0x000000db2d8fb878, R9 =0x000000db2d8fba30, R10=0x0000000000000000, R11=0x0000000000000246
R12=0x0000026960582320, R13=0x000000005f44ee60, R14=0x0000000000000000, R15=0x000000db2d8fe640
RIP=0x000000005f081c22, EFLAGS=0x0000000000010246

Top of Stack: (sp=0x000000db2d8fb930)
0x000000db2d8fb930:   0000026969cbb480 000000005f62e248
0x000000db2d8fb940:   000000db2d8fba30 000000db2d8fe640
0x000000db2d8fb950:   000000db00000000 0000000000000003
0x000000db2d8fb960:   000000db2d8f0000 0000000000000000
0x000000db2d8fb970:   0000026960c22270 0000000000000000
0x000000db2d8fb980:   000000005f605420 000000005f62e248
0x000000db2d8fb990:   0000000000000000 000000db2d8fe640
0x000000db2d8fb9a0:   0000000000000000 000000005f62e248
0x000000db2d8fb9b0:   000000db2d8fba00 0000000000000000
0x000000db2d8fb9c0:   0000000000000000 0000000000000000
0x000000db2d8fb9d0:   00000008ffffffff 000000005f565400
0x000000db2d8fb9e0:   0000000000000000 000000005f62e210
0x000000db2d8fb9f0:   0000000000000000 000000db2d8fe640
0x000000db2d8fba00:   0000000000000000 000000005f62e210
0x000000db2d8fba10:   00000008ffffff00 000000005ef5e9ce
0x000000db2d8fba20:   0000026969cc3468 0000000000000444 

Instructions: (pc=0x000000005f081c22)
0x000000005f081c02:   24 10 48 8b 9c 24 50 20 00 00 49 89 44 24 18 48
0x000000005f081c12:   8b 45 f0 49 89 44 24 20 80 7d 50 00 49 8b 45 00
0x000000005f081c22:   48 8b 88 70 04 00 00 4c 8b ac 24 30 20 00 00 4c
0x000000005f081c32:   8b a4 24 38 20 00 00 4c 8b 81 88 00 00 00 4c 89 



---------------  P R O C E S S  ---------------

Threads class SMR info:
_java_thread_list=0x000002696991dfb0, length=22, elements={
0x0000026936da2800, 0x0000026960569000, 0x000002696057b800, 0x00000269605c6800,
0x00000269605c7000, 0x00000269605ce000, 0x00000269605ce800, 0x00000269605cf800,
0x00000269605db800, 0x00000269605e6800, 0x00000269609c0800, 0x0000026960a5e800,
0x0000026960bb0000, 0x0000026960c57800, 0x0000026960a5b800, 0x0000026960b06800,
0x00000269614c1000, 0x00000269618ab800, 0x0000026961af5800, 0x0000026961b78800,
0x0000026968ebe800, 0x0000026969091000
}

Java Threads: ( => current thread )
  0x0000026936da2800 JavaThread "main" [_thread_blocked, id=3312, stack(0x000000db2bd00000,0x000000db2be00000)]
  0x0000026960569000 JavaThread "Reference Handler" daemon [_thread_blocked, id=8300, stack(0x000000db2d300000,0x000000db2d400000)]
  0x000002696057b800 JavaThread "Finalizer" daemon [_thread_blocked, id=3640, stack(0x000000db2d400000,0x000000db2d500000)]
  0x00000269605c6800 JavaThread "Signal Dispatcher" daemon [_thread_blocked, id=728, stack(0x000000db2d500000,0x000000db2d600000)]
  0x00000269605c7000 JavaThread "Attach Listener" daemon [_thread_blocked, id=1100, stack(0x000000db2d600000,0x000000db2d700000)]
  0x00000269605ce000 JavaThread "C2 CompilerThread0" daemon [_thread_blocked, id=7504, stack(0x000000db2d700000,0x000000db2d800000)]
=>0x00000269605ce800 JavaThread "C2 CompilerThread1" daemon [_thread_in_native, id=2352, stack(0x000000db2d800000,0x000000db2d900000)]
  0x00000269605cf800 JavaThread "C2 CompilerThread2" daemon [_thread_blocked, id=14208, stack(0x000000db2d900000,0x000000db2da00000)]
  0x00000269605db800 JavaThread "C1 CompilerThread3" daemon [_thread_blocked, id=13584, stack(0x000000db2da00000,0x000000db2db00000)]
  0x00000269605e6800 JavaThread "Sweeper thread" daemon [_thread_blocked, id=1304, stack(0x000000db2db00000,0x000000db2dc00000)]
  0x00000269609c0800 JavaThread "JDWP Transport Listener: dt_socket" daemon [_thread_blocked, id=6464, stack(0x000000db2dc00000,0x000000db2dd00000)]
  0x0000026960a5e800 JavaThread "JDWP Event Helper Thread" daemon [_thread_blocked, id=7744, stack(0x000000db2dd00000,0x000000db2de00000)]
  0x0000026960bb0000 JavaThread "JDWP Command Reader" daemon [_thread_in_native, id=1960, stack(0x000000db2de00000,0x000000db2df00000)]
  0x0000026960c57800 JavaThread "Common-Cleaner" daemon [_thread_blocked, id=14292, stack(0x000000db2df00000,0x000000db2e000000)]
  0x0000026960a5b800 JavaThread "Service Thread" daemon [_thread_blocked, id=7872, stack(0x000000db2e000000,0x000000db2e100000)]
  0x0000026960b06800 JavaThread "QuantumRenderer-0" daemon [_thread_blocked, id=6280, stack(0x000000db2e200000,0x000000db2e300000)]
  0x00000269614c1000 JavaThread "InvokeLaterDispatcher" daemon [_thread_blocked, id=10804, stack(0x000000db2e300000,0x000000db2e400000)]
  0x00000269618ab800 JavaThread "JavaFX Application Thread" [_thread_blocked, id=8712, stack(0x000000db2e400000,0x000000db2e500000)]
  0x0000026961af5800 JavaThread "JavaFX-Launcher" [_thread_blocked, id=8832, stack(0x000000db2e900000,0x000000db2ea00000)]
  0x0000026961b78800 JavaThread "Thread-2" daemon [_thread_blocked, id=6792, stack(0x000000db2e800000,0x000000db2e900000)]
  0x0000026968ebe800 JavaThread "Java2D Disposer" daemon [_thread_blocked, id=924, stack(0x000000db2ea00000,0x000000db2eb00000)]
  0x0000026969091000 JavaThread "Prism Font Disposer" daemon [_thread_blocked, id=2920, stack(0x000000db2ee00000,0x000000db2ef00000)]

Other Threads:
  0x0000026960563000 VMThread "VM Thread" [stack: 0x000000db2d200000,0x000000db2d300000] [id=5244]
  0x0000026960af9800 WatcherThread [stack: 0x000000db2e100000,0x000000db2e200000] [id=4796]
  0x0000026936dbb800 GCTaskThread "GC Thread#0" [stack: 0x000000db2be00000,0x000000db2bf00000] [id=4504]
  0x0000026936dbe000 GCTaskThread "GC Thread#1" [stack: 0x000000db2bf00000,0x000000db2c000000] [id=3436]
  0x0000026936dc0000 GCTaskThread "GC Thread#2" [stack: 0x000000db2c000000,0x000000db2c100000] [id=3368]
  0x0000026936dc1000 GCTaskThread "GC Thread#3" [stack: 0x000000db2c100000,0x000000db2c200000] [id=7356]
  0x0000026936dc5800 GCTaskThread "GC Thread#4" [stack: 0x000000db2c200000,0x000000db2c300000] [id=7892]
  0x0000026936dc8800 GCTaskThread "GC Thread#5" [stack: 0x000000db2c300000,0x000000db2c400000] [id=8064]
  0x0000026936dc9800 GCTaskThread "GC Thread#6" [stack: 0x000000db2c400000,0x000000db2c500000] [id=13908]
  0x0000026936dd5000 GCTaskThread "GC Thread#7" [stack: 0x000000db2c500000,0x000000db2c600000] [id=6536]
  0x0000026936e2e000 ConcurrentGCThread "G1 Main Marker" [stack: 0x000000db2c600000,0x000000db2c700000] [id=9684]
  0x0000026936e2f000 ConcurrentGCThread "G1 Conc#0" [stack: 0x000000db2c700000,0x000000db2c800000] [id=6636]
  0x0000026936e3a000 ConcurrentGCThread "G1 Conc#1" [stack: 0x000000db2c800000,0x000000db2c900000] [id=5700]
  0x000002695d227800 ConcurrentGCThread "G1 Refine#0" [stack: 0x000000db2c900000,0x000000db2ca00000] [id=8612]
  0x000002695d228800 ConcurrentGCThread "G1 Refine#1" [stack: 0x000000db2ca00000,0x000000db2cb00000] [id=14132]
  0x000002695d22a000 ConcurrentGCThread "G1 Refine#2" [stack: 0x000000db2cb00000,0x000000db2cc00000] [id=7964]
  0x000002695d22f000 ConcurrentGCThread "G1 Refine#3" [stack: 0x000000db2cc00000,0x000000db2cd00000] [id=7840]
  0x000002695d230000 ConcurrentGCThread "G1 Refine#4" [stack: 0x000000db2cd00000,0x000000db2ce00000] [id=10920]
  0x000002695d231000 ConcurrentGCThread "G1 Refine#5" [stack: 0x000000db2ce00000,0x000000db2cf00000] [id=13328]
  0x000002695d236000 ConcurrentGCThread "G1 Refine#6" [stack: 0x000000db2cf00000,0x000000db2d000000] [id=7364]
  0x000002695d238800 ConcurrentGCThread "G1 Refine#7" [stack: 0x000000db2d000000,0x000000db2d100000] [id=572]
  0x000002695d23a000 ConcurrentGCThread "G1 Young RemSet Sampling" [stack: 0x000000db2d100000,0x000000db2d200000] [id=6848]

Threads with active compile tasks:
C2 CompilerThread11806       4       jdk.internal.org.objectweb.asm.Frame::execute (2264 bytes)

VM state:not at safepoint (normal execution)

VM Mutex/Monitor currently owned by a thread: None

Heap address: 0x0000000683a00000, size: 5062 MB, Compressed Oops mode: Zero based, Oop shift amount: 3
Narrow klass base: 0x0000000000000000, Narrow klass shift: 3
Compressed class space size: 1073741824 Address: 0x00000007c0000000

Heap:
 garbage-first heap   total 325632K, used 9450K [0x0000000683a00000, 0x00000007c0000000)
  region size 1024K, 6 young (6144K), 1 survivors (1024K)
 Metaspace       used 21405K, capacity 22173K, committed 22396K, reserved 1069056K
  class space    used 2801K, capacity 3132K, committed 3200K, reserved 1048576K
Heap Regions: E=young(eden), S=young(survivor), O=old, HS=humongous(starts), HC=humongous(continues), CS=collection set, F=free, A=archive, TS=gc time stamp, AC=allocation context, TAMS=top-at-mark-start (previous, next)
|   0|0x0000000683a00000, 0x0000000683b00000, 0x0000000683b00000|100%| O|  |TS  0|AC  0|TAMS 0x0000000683b00000, 0x0000000683b00000|
|   1|0x0000000683b00000, 0x0000000683c00000, 0x0000000683c00000|100%| O|  |TS  0|AC  0|TAMS 0x0000000683c00000, 0x0000000683c00000|
|   2|0x0000000683c00000, 0x0000000683d00000, 0x0000000683d00000|100%| O|  |TS  0|AC  0|TAMS 0x0000000683d00000, 0x0000000683d00000|
|   3|0x0000000683d00000, 0x0000000683e00000, 0x0000000683e00000|100%| O|  |TS  0|AC  0|TAMS 0x0000000683e00000, 0x0000000683e00000|
|   4|0x0000000683e00000, 0x0000000683e42a00, 0x0000000683f00000| 26%| O|  |TS  0|AC  0|TAMS 0x0000000683e42a00, 0x0000000683e42a00|
|   5|0x0000000683f00000, 0x0000000683f00000, 0x0000000684000000|  0%| F|  |TS  0|AC  0|TAMS 0x0000000683f00000, 0x0000000683f00000|
|   6|0x0000000684000000, 0x0000000684000000, 0x0000000684100000|  0%| F|  |TS  0|AC  0|TAMS 0x0000000684000000, 0x0000000684000000|
|   7|0x0000000684100000, 0x0000000684100000, 0x0000000684200000|  0%| F|  |TS  0|AC  0|TAMS 0x0000000684100000, 0x0000000684100000|
|   8|0x0000000684200000, 0x0000000684200000, 0x0000000684300000|  0%| F|  |TS  0|AC  0|TAMS 0x0000000684200000, 0x0000000684200000|
|   9|0x0000000684300000, 0x0000000684300000, 0x0000000684400000|  0%| F|  |TS  0|AC  0|TAMS 0x0000000684300000, 0x0000000684300000|
|  10|0x0000000684400000, 0x0000000684400000, 0x0000000684500000|  0%| F|  |TS  0|AC  0|TAMS 0x0000000684400000, 0x0000000684400000|
|  11|0x0000000684500000, 0x0000000684500000, 0x0000000684600000|  0%| F|  |TS  0|AC  0|TAMS 0x0000000684500000, 0x0000000684500000|
|  12|0x0000000684600000, 0x0000000684600000, 0x0000000684700000|  0%| F|  |TS  0|AC  0|TAMS 0x0000000684600000, 0x0000000684600000|
|  13|0x0000000684700000, 0x0000000684700000, 0x0000000684800000|  0%| F|  |TS  0|AC  0|TAMS 0x0000000684700000, 0x0000000684700000|
|  14|0x0000000684800000, 0x0000000684800000, 0x0000000684900000|  0%| F|  |TS  0|AC  0|TAMS 0x0000000684800000, 0x0000000684800000|
|  15|0x0000000684900000, 0x0000000684900000, 0x0000000684a00000|  0%| F|  |TS  0|AC  0|TAMS 0x0000000684900000, 0x0000000684900000|
|  16|0x0000000684a00000, 0x0000000684a00000, 0x0000000684b00000|  0%| F|  |TS  0|AC  0|TAMS 0x0000000684a00000, 0x0000000684a00000|
|  17|0x0000000684b00000, 0x0000000684b00000, 0x0000000684c00000|  0%| F|  |TS  0|AC  0|TAMS 0x0000000684b00000, 0x0000000684b00000|
|  18|0x0000000684c00000, 0x0000000684c00000, 0x0000000684d00000|  0%| F|  |TS  0|AC  0|TAMS 0x0000000684c00000, 0x0000000684c00000|
|  19|0x0000000684d00000, 0x0000000684d00000, 0x0000000684e00000|  0%| F|  |TS  0|AC  0|TAMS 0x0000000684d00000, 0x0000000684d00000|
|  20|0x0000000684e00000, 0x0000000684e00000, 0x0000000684f00000|  0%| F|  |TS  0|AC  0|TAMS 0x0000000684e00000, 0x0000000684e00000|
|  21|0x0000000684f00000, 0x0000000684f00000, 0x0000000685000000|  0%| F|  |TS  0|AC  0|TAMS 0x0000000684f00000, 0x0000000684f00000|
|  22|0x0000000685000000, 0x0000000685000000, 0x0000000685100000|  0%| F|  |TS  0|AC  0|TAMS 0x0000000685000000, 0x0000000685000000|
|  23|0x0000000685100000, 0x0000000685100000, 0x0000000685200000|  0%| F|  |TS  0|AC  0|TAMS 0x0000000685100000, 0x0000000685100000|
|  24|0x0000000685200000, 0x0000000685200000, 0x0000000685300000|  0%| F|  |TS  0|AC  0|TAMS 0x0000000685200000, 0x0000000685200000|
|  25|0x0000000685300000, 0x0000000685300000, 0x0000000685400000|  0%| F|  |TS  0|AC  0|TAMS 0x0000000685300000, 0x0000000685300000|
|  26|0x0000000685400000, 0x0000000685400000, 0x0000000685500000|  0%| F|  |TS  0|AC  0|TAMS 0x0000000685400000, 0x0000000685400000|
|  27|0x0000000685500000, 0x0000000685500000, 0x0000000685600000|  0%| F|  |TS  0|AC  0|TAMS 0x0000000685500000, 0x0000000685500000|
|  28|0x0000000685600000, 0x0000000685600000, 0x0000000685700000|  0%| F|  |TS  0|AC  0|TAMS 0x0000000685600000, 0x0000000685600000|
|  29|0x0000000685700000, 0x0000000685700000, 0x0000000685800000|  0%| F|  |TS  0|AC  0|TAMS 0x0000000685700000, 0x0000000685700000|
|  30|0x0000000685800000, 0x0000000685800000, 0x0000000685900000|  0%| F|  |TS  0|AC  0|TAMS 0x0000000685800000, 0x0000000685800000|
|  31|0x0000000685900000, 0x0000000685900000, 0x0000000685a00000|  0%| F|  |TS  0|AC  0|TAMS 0x0000000685900000, 0x0000000685900000|
|  32|0x0000000685a00000, 0x0000000685a00000, 0x0000000685b00000|  0%| F|  |TS  0|AC  0|TAMS 0x0000000685a00000, 0x0000000685a00000|
|  33|0x0000000685b00000, 0x0000000685b00000, 0x0000000685c00000|  0%| F|  |TS  0|AC  0|TAMS 0x0000000685b00000, 0x0000000685b00000|
|  34|0x0000000685c00000, 0x0000000685c00000, 0x0000000685d00000|  0%| F|  |TS  0|AC  0|TAMS 0x0000000685c00000, 0x0000000685c00000|
|  35|0x0000000685d00000, 0x0000000685d00000, 0x0000000685e00000|  0%| F|  |TS  0|AC  0|TAMS 0x0000000685d00000, 0x0000000685d00000|
|  36|0x0000000685e00000, 0x0000000685e00000, 0x0000000685f00000|  0%| F|  |TS  0|AC  0|TAMS 0x0000000685e00000, 0x0000000685e00000|
|  37|0x0000000685f00000, 0x0000000685f00000, 0x0000000686000000|  0%| F|  |TS  0|AC  0|TAMS 0x0000000685f00000, 0x0000000685f00000|
|  38|0x0000000686000000, 0x0000000686000000, 0x0000000686100000|  0%| F|  |TS  0|AC  0|TAMS 0x0000000686000000, 0x0000000686000000|
|  39|0x0000000686100000, 0x0000000686100000, 0x0000000686200000|  0%| F|  |TS  0|AC  0|TAMS 0x0000000686100000, 0x0000000686100000|
|  40|0x0000000686200000, 0x0000000686200000, 0x0000000686300000|  0%| F|  |TS  0|AC  0|TAMS 0x0000000686200000, 0x0000000686200000|
|  41|0x0000000686300000, 0x0000000686300000, 0x0000000686400000|  0%| F|  |TS  0|AC  0|TAMS 0x0000000686300000, 0x0000000686300000|
|  42|0x0000000686400000, 0x0000000686400000, 0x0000000686500000|  0%| F|  |TS  0|AC  0|TAMS 0x0000000686400000, 0x0000000686400000|
|  43|0x0000000686500000, 0x0000000686500000, 0x0000000686600000|  0%| F|  |TS  0|AC  0|TAMS 0x0000000686500000, 0x0000000686500000|
|  44|0x0000000686600000, 0x0000000686600000, 0x0000000686700000|  0%| F|  |TS  0|AC  0|TAMS 0x0000000686600000, 0x0000000686600000|
|  45|0x0000000686700000, 0x0000000686700000, 0x0000000686800000|  0%| F|  |TS  0|AC  0|TAMS 0x0000000686700000, 0x0000000686700000|
|  46|0x0000000686800000, 0x0000000686800000, 0x0000000686900000|  0%| F|  |TS  0|AC  0|TAMS 0x0000000686800000, 0x0000000686800000|
|  47|0x0000000686900000, 0x0000000686900000, 0x0000000686a00000|  0%| F|  |TS  0|AC  0|TAMS 0x0000000686900000, 0x0000000686900000|
|  48|0x0000000686a00000, 0x0000000686a00000, 0x0000000686b00000|  0%| F|  |TS  0|AC  0|TAMS 0x0000000686a00000, 0x0000000686a00000|
|  49|0x0000000686b00000, 0x0000000686b00000, 0x0000000686c00000|  0%| F|  |TS  0|AC  0|TAMS 0x0000000686b00000, 0x0000000686b00000|
|  50|0x0000000686c00000, 0x0000000686c00000, 0x0000000686d00000|  0%| F|  |TS  0|AC  0|TAMS 0x0000000686c00000, 0x0000000686c00000|
|  51|0x0000000686d00000, 0x0000000686d00000, 0x0000000686e00000|  0%| F|  |TS  0|AC  0|TAMS 0x0000000686d00000, 0x0000000686d00000|
|  52|0x0000000686e00000, 0x0000000686e00000, 0x0000000686f00000|  0%| F|  |TS  0|AC  0|TAMS 0x0000000686e00000, 0x0000000686e00000|
|  53|0x0000000686f00000, 0x0000000686f00000, 0x0000000687000000|  0%| F|  |TS  0|AC  0|TAMS 0x0000000686f00000, 0x0000000686f00000|
|  54|0x0000000687000000, 0x0000000687000000, 0x0000000687100000|  0%| F|  |TS  0|AC  0|TAMS 0x0000000687000000, 0x0000000687000000|
|  55|0x0000000687100000, 0x0000000687100000, 0x0000000687200000|  0%| F|  |TS  0|AC  0|TAMS 0x0000000687100000, 0x0000000687100000|
|  56|0x0000000687200000, 0x0000000687200000, 0x0000000687300000|  0%| F|  |TS  0|AC  0|TAMS 0x0000000687200000, 0x0000000687200000|
|  57|0x0000000687300000, 0x0000000687300000, 0x0000000687400000|  0%| F|  |TS  0|AC  0|TAMS 0x0000000687300000, 0x0000000687300000|
|  58|0x0000000687400000, 0x0000000687400000, 0x0000000687500000|  0%| F|  |TS  0|AC  0|TAMS 0x0000000687400000, 0x0000000687400000|
|  59|0x0000000687500000, 0x0000000687500000, 0x0000000687600000|  0%| F|  |TS  0|AC  0|TAMS 0x0000000687500000, 0x0000000687500000|
|  60|0x0000000687600000, 0x0000000687600000, 0x0000000687700000|  0%| F|  |TS  0|AC  0|TAMS 0x0000000687600000, 0x0000000687600000|
|  61|0x0000000687700000, 0x0000000687700000, 0x0000000687800000|  0%| F|  |TS  0|AC  0|TAMS 0x0000000687700000, 0x0000000687700000|
|  62|0x0000000687800000, 0x0000000687800000, 0x0000000687900000|  0%| F|  |TS  0|AC  0|TAMS 0x0000000687800000, 0x0000000687800000|
|  63|0x0000000687900000, 0x0000000687900000, 0x0000000687a00000|  0%| F|  |TS  0|AC  0|TAMS 0x0000000687900000, 0x0000000687900000|
|  64|0x0000000687a00000, 0x0000000687a00000, 0x0000000687b00000|  0%| F|  |TS  0|AC  0|TAMS 0x0000000687a00000, 0x0000000687a00000|
|  65|0x0000000687b00000, 0x0000000687b00000, 0x0000000687c00000|  0%| F|  |TS  0|AC  0|TAMS 0x0000000687b00000, 0x0000000687b00000|
|  66|0x0000000687c00000, 0x0000000687c00000, 0x0000000687d00000|  0%| F|  |TS  0|AC  0|TAMS 0x0000000687c00000, 0x0000000687c00000|
|  67|0x0000000687d00000, 0x0000000687d00000, 0x0000000687e00000|  0%| F|  |TS  0|AC  0|TAMS 0x0000000687d00000, 0x0000000687d00000|
|  68|0x0000000687e00000, 0x0000000687e00000, 0x0000000687f00000|  0%| F|  |TS  0|AC  0|TAMS 0x0000000687e00000, 0x0000000687e00000|
|  69|0x0000000687f00000, 0x0000000687f00000, 0x0000000688000000|  0%| F|  |TS  0|AC  0|TAMS 0x0000000687f00000, 0x0000000687f00000|
|  70|0x0000000688000000, 0x0000000688000000, 0x0000000688100000|  0%| F|  |TS  0|AC  0|TAMS 0x0000000688000000, 0x0000000688000000|
|  71|0x0000000688100000, 0x0000000688100000, 0x0000000688200000|  0%| F|  |TS  0|AC  0|TAMS 0x0000000688100000, 0x0000000688100000|
|  72|0x0000000688200000, 0x0000000688200000, 0x0000000688300000|  0%| F|  |TS  0|AC  0|TAMS 0x0000000688200000, 0x0000000688200000|
|  73|0x0000000688300000, 0x0000000688300000, 0x0000000688400000|  0%| F|  |TS  0|AC  0|TAMS 0x0000000688300000, 0x0000000688300000|
|  74|0x0000000688400000, 0x0000000688400000, 0x0000000688500000|  0%| F|  |TS  0|AC  0|TAMS 0x0000000688400000, 0x0000000688400000|
|  75|0x0000000688500000, 0x0000000688500000, 0x0000000688600000|  0%| F|  |TS  0|AC  0|TAMS 0x0000000688500000, 0x0000000688500000|
|  76|0x0000000688600000, 0x0000000688600000, 0x0000000688700000|  0%| F|  |TS  0|AC  0|TAMS 0x0000000688600000, 0x0000000688600000|
|  77|0x0000000688700000, 0x0000000688700000, 0x0000000688800000|  0%| F|  |TS  0|AC  0|TAMS 0x0000000688700000, 0x0000000688700000|
|  78|0x0000000688800000, 0x0000000688800000, 0x0000000688900000|  0%| F|  |TS  0|AC  0|TAMS 0x0000000688800000, 0x0000000688800000|
|  79|0x0000000688900000, 0x0000000688900000, 0x0000000688a00000|  0%| F|  |TS  0|AC  0|TAMS 0x0000000688900000, 0x0000000688900000|
|  80|0x0000000688a00000, 0x0000000688a00000, 0x0000000688b00000|  0%| F|  |TS  0|AC  0|TAMS 0x0000000688a00000, 0x0000000688a00000|
|  81|0x0000000688b00000, 0x0000000688b00000, 0x0000000688c00000|  0%| F|  |TS  0|AC  0|TAMS 0x0000000688b00000, 0x0000000688b00000|
|  82|0x0000000688c00000, 0x0000000688c00000, 0x0000000688d00000|  0%| F|  |TS  0|AC  0|TAMS 0x0000000688c00000, 0x0000000688c00000|
|  83|0x0000000688d00000, 0x0000000688d00000, 0x0000000688e00000|  0%| F|  |TS  0|AC  0|TAMS 0x0000000688d00000, 0x0000000688d00000|
|  84|0x0000000688e00000, 0x0000000688e00000, 0x0000000688f00000|  0%| F|  |TS  0|AC  0|TAMS 0x0000000688e00000, 0x0000000688e00000|
|  85|0x0000000688f00000, 0x0000000688f00000, 0x0000000689000000|  0%| F|  |TS  0|AC  0|TAMS 0x0000000688f00000, 0x0000000688f00000|
|  86|0x0000000689000000, 0x0000000689000000, 0x0000000689100000|  0%| F|  |TS  0|AC  0|TAMS 0x0000000689000000, 0x0000000689000000|
|  87|0x0000000689100000, 0x0000000689100000, 0x0000000689200000|  0%| F|  |TS  0|AC  0|TAMS 0x0000000689100000, 0x0000000689100000|
|  88|0x0000000689200000, 0x0000000689200000, 0x0000000689300000|  0%| F|  |TS  0|AC  0|TAMS 0x0000000689200000, 0x0000000689200000|
|  89|0x0000000689300000, 0x0000000689300000, 0x0000000689400000|  0%| F|  |TS  0|AC  0|TAMS 0x0000000689300000, 0x0000000689300000|
|  90|0x0000000689400000, 0x0000000689400000, 0x0000000689500000|  0%| F|  |TS  0|AC  0|TAMS 0x0000000689400000, 0x0000000689400000|
|  91|0x0000000689500000, 0x0000000689500000, 0x0000000689600000|  0%| F|  |TS  0|AC  0|TAMS 0x0000000689500000, 0x0000000689500000|
|  92|0x0000000689600000, 0x0000000689600000, 0x0000000689700000|  0%| F|  |TS  0|AC  0|TAMS 0x0000000689600000, 0x0000000689600000|
|  93|0x0000000689700000, 0x0000000689700000, 0x0000000689800000|  0%| F|  |TS  0|AC  0|TAMS 0x0000000689700000, 0x0000000689700000|
|  94|0x0000000689800000, 0x0000000689800000, 0x0000000689900000|  0%| F|  |TS  0|AC  0|TAMS 0x0000000689800000, 0x0000000689800000|
|  95|0x0000000689900000, 0x0000000689900000, 0x0000000689a00000|  0%| F|  |TS  0|AC  0|TAMS 0x0000000689900000, 0x0000000689900000|
|  96|0x0000000689a00000, 0x0000000689a00000, 0x0000000689b00000|  0%| F|  |TS  0|AC  0|TAMS 0x0000000689a00000, 0x0000000689a00000|
|  97|0x0000000689b00000, 0x0000000689b00000, 0x0000000689c00000|  0%| F|  |TS  0|AC  0|TAMS 0x0000000689b00000, 0x0000000689b00000|
|  98|0x0000000689c00000, 0x0000000689c00000, 0x0000000689d00000|  0%| F|  |TS  0|AC  0|TAMS 0x0000000689c00000, 0x0000000689c00000|
|  99|0x0000000689d00000, 0x0000000689d00000, 0x0000000689e00000|  0%| F|  |TS  0|AC  0|TAMS 0x0000000689d00000, 0x0000000689d00000|
| 100|0x0000000689e00000, 0x0000000689e00000, 0x0000000689f00000|  0%| F|  |TS  0|AC  0|TAMS 0x0000000689e00000, 0x0000000689e00000|
| 101|0x0000000689f00000, 0x0000000689f00000, 0x000000068a000000|  0%| F|  |TS  0|AC  0|TAMS 0x0000000689f00000, 0x0000000689f00000|
| 102|0x000000068a000000, 0x000000068a000000, 0x000000068a100000|  0%| F|  |TS  0|AC  0|TAMS 0x000000068a000000, 0x000000068a000000|
| 103|0x000000068a100000, 0x000000068a100000, 0x000000068a200000|  0%| F|  |TS  0|AC  0|TAMS 0x000000068a100000, 0x000000068a100000|
| 104|0x000000068a200000, 0x000000068a200000, 0x000000068a300000|  0%| F|  |TS  0|AC  0|TAMS 0x000000068a200000, 0x000000068a200000|
| 105|0x000000068a300000, 0x000000068a300000, 0x000000068a400000|  0%| F|  |TS  0|AC  0|TAMS 0x000000068a300000, 0x000000068a300000|
| 106|0x000000068a400000, 0x000000068a400000, 0x000000068a500000|  0%| F|  |TS  0|AC  0|TAMS 0x000000068a400000, 0x000000068a400000|
| 107|0x000000068a500000, 0x000000068a500000, 0x000000068a600000|  0%| F|  |TS  0|AC  0|TAMS 0x000000068a500000, 0x000000068a500000|
| 108|0x000000068a600000, 0x000000068a600000, 0x000000068a700000|  0%| F|  |TS  0|AC  0|TAMS 0x000000068a600000, 0x000000068a600000|
| 109|0x000000068a700000, 0x000000068a700000, 0x000000068a800000|  0%| F|  |TS  0|AC  0|TAMS 0x000000068a700000, 0x000000068a700000|
| 110|0x000000068a800000, 0x000000068a800000, 0x000000068a900000|  0%| F|  |TS  0|AC  0|TAMS 0x000000068a800000, 0x000000068a800000|
| 111|0x000000068a900000, 0x000000068a900000, 0x000000068aa00000|  0%| F|  |TS  0|AC  0|TAMS 0x000000068a900000, 0x000000068a900000|
| 112|0x000000068aa00000, 0x000000068aa00000, 0x000000068ab00000|  0%| F|  |TS  0|AC  0|TAMS 0x000000068aa00000, 0x000000068aa00000|
| 113|0x000000068ab00000, 0x000000068ab00000, 0x000000068ac00000|  0%| F|  |TS  0|AC  0|TAMS 0x000000068ab00000, 0x000000068ab00000|
| 114|0x000000068ac00000, 0x000000068ac00000, 0x000000068ad00000|  0%| F|  |TS  0|AC  0|TAMS 0x000000068ac00000, 0x000000068ac00000|
| 115|0x000000068ad00000, 0x000000068ad00000, 0x000000068ae00000|  0%| F|  |TS  0|AC  0|TAMS 0x000000068ad00000, 0x000000068ad00000|
| 116|0x000000068ae00000, 0x000000068ae00000, 0x000000068af00000|  0%| F|  |TS  0|AC  0|TAMS 0x000000068ae00000, 0x000000068ae00000|
| 117|0x000000068af00000, 0x000000068af00000, 0x000000068b000000|  0%| F|  |TS  0|AC  0|TAMS 0x000000068af00000, 0x000000068af00000|
| 118|0x000000068b000000, 0x000000068b000000, 0x000000068b100000|  0%| F|  |TS  0|AC  0|TAMS 0x000000068b000000, 0x000000068b000000|
| 119|0x000000068b100000, 0x000000068b100000, 0x000000068b200000|  0%| F|  |TS  0|AC  0|TAMS 0x000000068b100000, 0x000000068b100000|
| 120|0x000000068b200000, 0x000000068b200000, 0x000000068b300000|  0%| F|  |TS  0|AC  0|TAMS 0x000000068b200000, 0x000000068b200000|
| 121|0x000000068b300000, 0x000000068b300000, 0x000000068b400000|  0%| F|  |TS  0|AC  0|TAMS 0x000000068b300000, 0x000000068b300000|
| 122|0x000000068b400000, 0x000000068b400000, 0x000000068b500000|  0%| F|  |TS  0|AC  0|TAMS 0x000000068b400000, 0x000000068b400000|
| 123|0x000000068b500000, 0x000000068b500000, 0x000000068b600000|  0%| F|  |TS  0|AC  0|TAMS 0x000000068b500000, 0x000000068b500000|
| 124|0x000000068b600000, 0x000000068b600000, 0x000000068b700000|  0%| F|  |TS  0|AC  0|TAMS 0x000000068b600000, 0x000000068b600000|
| 125|0x000000068b700000, 0x000000068b700000, 0x000000068b800000|  0%| F|  |TS  0|AC  0|TAMS 0x000000068b700000, 0x000000068b700000|
| 126|0x000000068b800000, 0x000000068b800000, 0x000000068b900000|  0%| F|  |TS  0|AC  0|TAMS 0x000000068b800000, 0x000000068b800000|
| 127|0x000000068b900000, 0x000000068b900000, 0x000000068ba00000|  0%| F|  |TS  0|AC  0|TAMS 0x000000068b900000, 0x000000068b900000|
| 128|0x000000068ba00000, 0x000000068ba00000, 0x000000068bb00000|  0%| F|  |TS  0|AC  0|TAMS 0x000000068ba00000, 0x000000068ba00000|
| 129|0x000000068bb00000, 0x000000068bb00000, 0x000000068bc00000|  0%| F|  |TS  0|AC  0|TAMS 0x000000068bb00000, 0x000000068bb00000|
| 130|0x000000068bc00000, 0x000000068bc00000, 0x000000068bd00000|  0%| F|  |TS  0|AC  0|TAMS 0x000000068bc00000, 0x000000068bc00000|
| 131|0x000000068bd00000, 0x000000068bd00000, 0x000000068be00000|  0%| F|  |TS  0|AC  0|TAMS 0x000000068bd00000, 0x000000068bd00000|
| 132|0x000000068be00000, 0x000000068be00000, 0x000000068bf00000|  0%| F|  |TS  0|AC  0|TAMS 0x000000068be00000, 0x000000068be00000|
| 133|0x000000068bf00000, 0x000000068bf00000, 0x000000068c000000|  0%| F|  |TS  0|AC  0|TAMS 0x000000068bf00000, 0x000000068bf00000|
| 134|0x000000068c000000, 0x000000068c000000, 0x000000068c100000|  0%| F|  |TS  0|AC  0|TAMS 0x000000068c000000, 0x000000068c000000|
| 135|0x000000068c100000, 0x000000068c100000, 0x000000068c200000|  0%| F|  |TS  0|AC  0|TAMS 0x000000068c100000, 0x000000068c100000|
| 136|0x000000068c200000, 0x000000068c200000, 0x000000068c300000|  0%| F|  |TS  0|AC  0|TAMS 0x000000068c200000, 0x000000068c200000|
| 137|0x000000068c300000, 0x000000068c300000, 0x000000068c400000|  0%| F|  |TS  0|AC  0|TAMS 0x000000068c300000, 0x000000068c300000|
| 138|0x000000068c400000, 0x000000068c400000, 0x000000068c500000|  0%| F|  |TS  0|AC  0|TAMS 0x000000068c400000, 0x000000068c400000|
| 139|0x000000068c500000, 0x000000068c500000, 0x000000068c600000|  0%| F|  |TS  0|AC  0|TAMS 0x000000068c500000, 0x000000068c500000|
| 140|0x000000068c600000, 0x000000068c600000, 0x000000068c700000|  0%| F|  |TS  0|AC  0|TAMS 0x000000068c600000, 0x000000068c600000|
| 141|0x000000068c700000, 0x000000068c700000, 0x000000068c800000|  0%| F|  |TS  0|AC  0|TAMS 0x000000068c700000, 0x000000068c700000|
| 142|0x000000068c800000, 0x000000068c800000, 0x000000068c900000|  0%| F|  |TS  0|AC  0|TAMS 0x000000068c800000, 0x000000068c800000|
| 143|0x000000068c900000, 0x000000068c900000, 0x000000068ca00000|  0%| F|  |TS  0|AC  0|TAMS 0x000000068c900000, 0x000000068c900000|
| 144|0x000000068ca00000, 0x000000068ca00000, 0x000000068cb00000|  0%| F|  |TS  0|AC  0|TAMS 0x000000068ca00000, 0x000000068ca00000|
| 145|0x000000068cb00000, 0x000000068cb00000, 0x000000068cc00000|  0%| F|  |TS  0|AC  0|TAMS 0x000000068cb00000, 0x000000068cb00000|
| 146|0x000000068cc00000, 0x000000068cc00000, 0x000000068cd00000|  0%| F|  |TS  0|AC  0|TAMS 0x000000068cc00000, 0x000000068cc00000|
| 147|0x000000068cd00000, 0x000000068cd00000, 0x000000068ce00000|  0%| F|  |TS  0|AC  0|TAMS 0x000000068cd00000, 0x000000068cd00000|
| 148|0x000000068ce00000, 0x000000068ce00000, 0x000000068cf00000|  0%| F|  |TS  0|AC  0|TAMS 0x000000068ce00000, 0x000000068ce00000|
| 149|0x000000068cf00000, 0x000000068cf00000, 0x000000068d000000|  0%| F|  |TS  0|AC  0|TAMS 0x000000068cf00000, 0x000000068cf00000|
| 150|0x000000068d000000, 0x000000068d000000, 0x000000068d100000|  0%| F|  |TS  0|AC  0|TAMS 0x000000068d000000, 0x000000068d000000|
| 151|0x000000068d100000, 0x000000068d100000, 0x000000068d200000|  0%| F|  |TS  0|AC  0|TAMS 0x000000068d100000, 0x000000068d100000|
| 152|0x000000068d200000, 0x000000068d200000, 0x000000068d300000|  0%| F|  |TS  0|AC  0|TAMS 0x000000068d200000, 0x000000068d200000|
| 153|0x000000068d300000, 0x000000068d300000, 0x000000068d400000|  0%| F|  |TS  0|AC  0|TAMS 0x000000068d300000, 0x000000068d300000|
| 154|0x000000068d400000, 0x000000068d400000, 0x000000068d500000|  0%| F|  |TS  0|AC  0|TAMS 0x000000068d400000, 0x000000068d400000|
| 155|0x000000068d500000, 0x000000068d500000, 0x000000068d600000|  0%| F|  |TS  0|AC  0|TAMS 0x000000068d500000, 0x000000068d500000|
| 156|0x000000068d600000, 0x000000068d600000, 0x000000068d700000|  0%| F|  |TS  0|AC  0|TAMS 0x000000068d600000, 0x000000068d600000|
| 157|0x000000068d700000, 0x000000068d700000, 0x000000068d800000|  0%| F|  |TS  0|AC  0|TAMS 0x000000068d700000, 0x000000068d700000|
| 158|0x000000068d800000, 0x000000068d800000, 0x000000068d900000|  0%| F|  |TS  0|AC  0|TAMS 0x000000068d800000, 0x000000068d800000|
| 159|0x000000068d900000, 0x000000068d900000, 0x000000068da00000|  0%| F|  |TS  0|AC  0|TAMS 0x000000068d900000, 0x000000068d900000|
| 160|0x000000068da00000, 0x000000068da00000, 0x000000068db00000|  0%| F|  |TS  0|AC  0|TAMS 0x000000068da00000, 0x000000068da00000|
| 161|0x000000068db00000, 0x000000068db00000, 0x000000068dc00000|  0%| F|  |TS  0|AC  0|TAMS 0x000000068db00000, 0x000000068db00000|
| 162|0x000000068dc00000, 0x000000068dc00000, 0x000000068dd00000|  0%| F|  |TS  0|AC  0|TAMS 0x000000068dc00000, 0x000000068dc00000|
| 163|0x000000068dd00000, 0x000000068dd00000, 0x000000068de00000|  0%| F|  |TS  0|AC  0|TAMS 0x000000068dd00000, 0x000000068dd00000|
| 164|0x000000068de00000, 0x000000068de00000, 0x000000068df00000|  0%| F|  |TS  0|AC  0|TAMS 0x000000068de00000, 0x000000068de00000|
| 165|0x000000068df00000, 0x000000068df00000, 0x000000068e000000|  0%| F|  |TS  0|AC  0|TAMS 0x000000068df00000, 0x000000068df00000|
| 166|0x000000068e000000, 0x000000068e000000, 0x000000068e100000|  0%| F|  |TS  0|AC  0|TAMS 0x000000068e000000, 0x000000068e000000|
| 167|0x000000068e100000, 0x000000068e100000, 0x000000068e200000|  0%| F|  |TS  0|AC  0|TAMS 0x000000068e100000, 0x000000068e100000|
| 168|0x000000068e200000, 0x000000068e200000, 0x000000068e300000|  0%| F|  |TS  0|AC  0|TAMS 0x000000068e200000, 0x000000068e200000|
| 169|0x000000068e300000, 0x000000068e300000, 0x000000068e400000|  0%| F|  |TS  0|AC  0|TAMS 0x000000068e300000, 0x000000068e300000|
| 170|0x000000068e400000, 0x000000068e400000, 0x000000068e500000|  0%| F|  |TS  0|AC  0|TAMS 0x000000068e400000, 0x000000068e400000|
| 171|0x000000068e500000, 0x000000068e500000, 0x000000068e600000|  0%| F|  |TS  0|AC  0|TAMS 0x000000068e500000, 0x000000068e500000|
| 172|0x000000068e600000, 0x000000068e600000, 0x000000068e700000|  0%| F|  |TS  0|AC  0|TAMS 0x000000068e600000, 0x000000068e600000|
| 173|0x000000068e700000, 0x000000068e700000, 0x000000068e800000|  0%| F|  |TS  0|AC  0|TAMS 0x000000068e700000, 0x000000068e700000|
| 174|0x000000068e800000, 0x000000068e800000, 0x000000068e900000|  0%| F|  |TS  0|AC  0|TAMS 0x000000068e800000, 0x000000068e800000|
| 175|0x000000068e900000, 0x000000068e900000, 0x000000068ea00000|  0%| F|  |TS  0|AC  0|TAMS 0x000000068e900000, 0x000000068e900000|
| 176|0x000000068ea00000, 0x000000068ea00000, 0x000000068eb00000|  0%| F|  |TS  0|AC  0|TAMS 0x000000068ea00000, 0x000000068ea00000|
| 177|0x000000068eb00000, 0x000000068eb00000, 0x000000068ec00000|  0%| F|  |TS  0|AC  0|TAMS 0x000000068eb00000, 0x000000068eb00000|
| 178|0x000000068ec00000, 0x000000068ec00000, 0x000000068ed00000|  0%| F|  |TS  0|AC  0|TAMS 0x000000068ec00000, 0x000000068ec00000|
| 179|0x000000068ed00000, 0x000000068ed00000, 0x000000068ee00000|  0%| F|  |TS  0|AC  0|TAMS 0x000000068ed00000, 0x000000068ed00000|
| 180|0x000000068ee00000, 0x000000068ee00000, 0x000000068ef00000|  0%| F|  |TS  0|AC  0|TAMS 0x000000068ee00000, 0x000000068ee00000|
| 181|0x000000068ef00000, 0x000000068ef00000, 0x000000068f000000|  0%| F|  |TS  0|AC  0|TAMS 0x000000068ef00000, 0x000000068ef00000|
| 182|0x000000068f000000, 0x000000068f000000, 0x000000068f100000|  0%| F|  |TS  0|AC  0|TAMS 0x000000068f000000, 0x000000068f000000|
| 183|0x000000068f100000, 0x000000068f100000, 0x000000068f200000|  0%| F|  |TS  0|AC  0|TAMS 0x000000068f100000, 0x000000068f100000|
| 184|0x000000068f200000, 0x000000068f200000, 0x000000068f300000|  0%| F|  |TS  0|AC  0|TAMS 0x000000068f200000, 0x000000068f200000|
| 185|0x000000068f300000, 0x000000068f300000, 0x000000068f400000|  0%| F|  |TS  0|AC  0|TAMS 0x000000068f300000, 0x000000068f300000|
| 186|0x000000068f400000, 0x000000068f400000, 0x000000068f500000|  0%| F|  |TS  0|AC  0|TAMS 0x000000068f400000, 0x000000068f400000|
| 187|0x000000068f500000, 0x000000068f500000, 0x000000068f600000|  0%| F|  |TS  0|AC  0|TAMS 0x000000068f500000, 0x000000068f500000|
| 188|0x000000068f600000, 0x000000068f600000, 0x000000068f700000|  0%| F|  |TS  0|AC  0|TAMS 0x000000068f600000, 0x000000068f600000|
| 189|0x000000068f700000, 0x000000068f700000, 0x000000068f800000|  0%| F|  |TS  0|AC  0|TAMS 0x000000068f700000, 0x000000068f700000|
| 190|0x000000068f800000, 0x000000068f800000, 0x000000068f900000|  0%| F|  |TS  0|AC  0|TAMS 0x000000068f800000, 0x000000068f800000|
| 191|0x000000068f900000, 0x000000068f900000, 0x000000068fa00000|  0%| F|  |TS  0|AC  0|TAMS 0x000000068f900000, 0x000000068f900000|
| 192|0x000000068fa00000, 0x000000068fa00000, 0x000000068fb00000|  0%| F|  |TS  0|AC  0|TAMS 0x000000068fa00000, 0x000000068fa00000|
| 193|0x000000068fb00000, 0x000000068fb00000, 0x000000068fc00000|  0%| F|  |TS  0|AC  0|TAMS 0x000000068fb00000, 0x000000068fb00000|
| 194|0x000000068fc00000, 0x000000068fc00000, 0x000000068fd00000|  0%| F|  |TS  0|AC  0|TAMS 0x000000068fc00000, 0x000000068fc00000|
| 195|0x000000068fd00000, 0x000000068fd00000, 0x000000068fe00000|  0%| F|  |TS  0|AC  0|TAMS 0x000000068fd00000, 0x000000068fd00000|
| 196|0x000000068fe00000, 0x000000068fe00000, 0x000000068ff00000|  0%| F|  |TS  0|AC  0|TAMS 0x000000068fe00000, 0x000000068fe00000|
| 197|0x000000068ff00000, 0x000000068ff00000, 0x0000000690000000|  0%| F|  |TS  0|AC  0|TAMS 0x000000068ff00000, 0x000000068ff00000|
| 198|0x0000000690000000, 0x0000000690000000, 0x0000000690100000|  0%| F|  |TS  0|AC  0|TAMS 0x0000000690000000, 0x0000000690000000|
| 199|0x0000000690100000, 0x0000000690100000, 0x0000000690200000|  0%| F|  |TS  0|AC  0|TAMS 0x0000000690100000, 0x0000000690100000|
| 200|0x0000000690200000, 0x0000000690200000, 0x0000000690300000|  0%| F|  |TS  0|AC  0|TAMS 0x0000000690200000, 0x0000000690200000|
| 201|0x0000000690300000, 0x0000000690300000, 0x0000000690400000|  0%| F|  |TS  0|AC  0|TAMS 0x0000000690300000, 0x0000000690300000|
| 202|0x0000000690400000, 0x0000000690400000, 0x0000000690500000|  0%| F|  |TS  0|AC  0|TAMS 0x0000000690400000, 0x0000000690400000|
| 203|0x0000000690500000, 0x0000000690500000, 0x0000000690600000|  0%| F|  |TS  0|AC  0|TAMS 0x0000000690500000, 0x0000000690500000|
| 204|0x0000000690600000, 0x0000000690600000, 0x0000000690700000|  0%| F|  |TS  0|AC  0|TAMS 0x0000000690600000, 0x0000000690600000|
| 205|0x0000000690700000, 0x0000000690700000, 0x0000000690800000|  0%| F|  |TS  0|AC  0|TAMS 0x0000000690700000, 0x0000000690700000|
| 206|0x0000000690800000, 0x0000000690800000, 0x0000000690900000|  0%| F|  |TS  0|AC  0|TAMS 0x0000000690800000, 0x0000000690800000|
| 207|0x0000000690900000, 0x0000000690900000, 0x0000000690a00000|  0%| F|  |TS  0|AC  0|TAMS 0x0000000690900000, 0x0000000690900000|
| 208|0x0000000690a00000, 0x0000000690a00000, 0x0000000690b00000|  0%| F|  |TS  0|AC  0|TAMS 0x0000000690a00000, 0x0000000690a00000|
| 209|0x0000000690b00000, 0x0000000690b00000, 0x0000000690c00000|  0%| F|  |TS  0|AC  0|TAMS 0x0000000690b00000, 0x0000000690b00000|
| 210|0x0000000690c00000, 0x0000000690c00000, 0x0000000690d00000|  0%| F|  |TS  0|AC  0|TAMS 0x0000000690c00000, 0x0000000690c00000|
| 211|0x0000000690d00000, 0x0000000690d00000, 0x0000000690e00000|  0%| F|  |TS  0|AC  0|TAMS 0x0000000690d00000, 0x0000000690d00000|
| 212|0x0000000690e00000, 0x0000000690e00000, 0x0000000690f00000|  0%| F|  |TS  0|AC  0|TAMS 0x0000000690e00000, 0x0000000690e00000|
| 213|0x0000000690f00000, 0x0000000690f00000, 0x0000000691000000|  0%| F|  |TS  0|AC  0|TAMS 0x0000000690f00000, 0x0000000690f00000|
| 214|0x0000000691000000, 0x0000000691000000, 0x0000000691100000|  0%| F|  |TS  0|AC  0|TAMS 0x0000000691000000, 0x0000000691000000|
| 215|0x0000000691100000, 0x0000000691100000, 0x0000000691200000|  0%| F|  |TS  0|AC  0|TAMS 0x0000000691100000, 0x0000000691100000|
| 216|0x0000000691200000, 0x0000000691200000, 0x0000000691300000|  0%| F|  |TS  0|AC  0|TAMS 0x0000000691200000, 0x0000000691200000|
| 217|0x0000000691300000, 0x0000000691300000, 0x0000000691400000|  0%| F|  |TS  0|AC  0|TAMS 0x0000000691300000, 0x0000000691300000|
| 218|0x0000000691400000, 0x0000000691400000, 0x0000000691500000|  0%| F|  |TS  0|AC  0|TAMS 0x0000000691400000, 0x0000000691400000|
| 219|0x0000000691500000, 0x0000000691500000, 0x0000000691600000|  0%| F|  |TS  0|AC  0|TAMS 0x0000000691500000, 0x0000000691500000|
| 220|0x0000000691600000, 0x0000000691600000, 0x0000000691700000|  0%| F|  |TS  0|AC  0|TAMS 0x0000000691600000, 0x0000000691600000|
| 221|0x0000000691700000, 0x0000000691700000, 0x0000000691800000|  0%| F|  |TS  0|AC  0|TAMS 0x0000000691700000, 0x0000000691700000|
| 222|0x0000000691800000, 0x0000000691800000, 0x0000000691900000|  0%| F|  |TS  0|AC  0|TAMS 0x0000000691800000, 0x0000000691800000|
| 223|0x0000000691900000, 0x0000000691900000, 0x0000000691a00000|  0%| F|  |TS  0|AC  0|TAMS 0x0000000691900000, 0x0000000691900000|
| 224|0x0000000691a00000, 0x0000000691a00000, 0x0000000691b00000|  0%| F|  |TS  0|AC  0|TAMS 0x0000000691a00000, 0x0000000691a00000|
| 225|0x0000000691b00000, 0x0000000691b00000, 0x0000000691c00000|  0%| F|  |TS  0|AC  0|TAMS 0x0000000691b00000, 0x0000000691b00000|
| 226|0x0000000691c00000, 0x0000000691c00000, 0x0000000691d00000|  0%| F|  |TS  0|AC  0|TAMS 0x0000000691c00000, 0x0000000691c00000|
| 227|0x0000000691d00000, 0x0000000691d00000, 0x0000000691e00000|  0%| F|  |TS  0|AC  0|TAMS 0x0000000691d00000, 0x0000000691d00000|
| 228|0x0000000691e00000, 0x0000000691e00000, 0x0000000691f00000|  0%| F|  |TS  0|AC  0|TAMS 0x0000000691e00000, 0x0000000691e00000|
| 229|0x0000000691f00000, 0x0000000691f00000, 0x0000000692000000|  0%| F|  |TS  0|AC  0|TAMS 0x0000000691f00000, 0x0000000691f00000|
| 230|0x0000000692000000, 0x0000000692000000, 0x0000000692100000|  0%| F|  |TS  0|AC  0|TAMS 0x0000000692000000, 0x0000000692000000|
| 231|0x0000000692100000, 0x0000000692100000, 0x0000000692200000|  0%| F|  |TS  0|AC  0|TAMS 0x0000000692100000, 0x0000000692100000|
| 232|0x0000000692200000, 0x0000000692200000, 0x0000000692300000|  0%| F|  |TS  0|AC  0|TAMS 0x0000000692200000, 0x0000000692200000|
| 233|0x0000000692300000, 0x0000000692300000, 0x0000000692400000|  0%| F|  |TS  0|AC  0|TAMS 0x0000000692300000, 0x0000000692300000|
| 234|0x0000000692400000, 0x0000000692400000, 0x0000000692500000|  0%| F|  |TS  0|AC  0|TAMS 0x0000000692400000, 0x0000000692400000|
| 235|0x0000000692500000, 0x0000000692500000, 0x0000000692600000|  0%| F|  |TS  0|AC  0|TAMS 0x0000000692500000, 0x0000000692500000|
| 236|0x0000000692600000, 0x0000000692600000, 0x0000000692700000|  0%| F|  |TS  0|AC  0|TAMS 0x0000000692600000, 0x0000000692600000|
| 237|0x0000000692700000, 0x0000000692700000, 0x0000000692800000|  0%| F|  |TS  0|AC  0|TAMS 0x0000000692700000, 0x0000000692700000|
| 238|0x0000000692800000, 0x0000000692800000, 0x0000000692900000|  0%| F|  |TS  0|AC  0|TAMS 0x0000000692800000, 0x0000000692800000|
| 239|0x0000000692900000, 0x0000000692900000, 0x0000000692a00000|  0%| F|  |TS  0|AC  0|TAMS 0x0000000692900000, 0x0000000692900000|
| 240|0x0000000692a00000, 0x0000000692a00000, 0x0000000692b00000|  0%| F|  |TS  0|AC  0|TAMS 0x0000000692a00000, 0x0000000692a00000|
| 241|0x0000000692b00000, 0x0000000692b00000, 0x0000000692c00000|  0%| F|  |TS  0|AC  0|TAMS 0x0000000692b00000, 0x0000000692b00000|
| 242|0x0000000692c00000, 0x0000000692c00000, 0x0000000692d00000|  0%| F|  |TS  0|AC  0|TAMS 0x0000000692c00000, 0x0000000692c00000|
| 243|0x0000000692d00000, 0x0000000692d00000, 0x0000000692e00000|  0%| F|  |TS  0|AC  0|TAMS 0x0000000692d00000, 0x0000000692d00000|
| 244|0x0000000692e00000, 0x0000000692e00000, 0x0000000692f00000|  0%| F|  |TS  0|AC  0|TAMS 0x0000000692e00000, 0x0000000692e00000|
| 245|0x0000000692f00000, 0x0000000692f00000, 0x0000000693000000|  0%| F|  |TS  0|AC  0|TAMS 0x0000000692f00000, 0x0000000692f00000|
| 246|0x0000000693000000, 0x0000000693000000, 0x0000000693100000|  0%| F|  |TS  0|AC  0|TAMS 0x0000000693000000, 0x0000000693000000|
| 247|0x0000000693100000, 0x0000000693100000, 0x0000000693200000|  0%| F|  |TS  0|AC  0|TAMS 0x0000000693100000, 0x0000000693100000|
| 248|0x0000000693200000, 0x0000000693200000, 0x0000000693300000|  0%| F|  |TS  0|AC  0|TAMS 0x0000000693200000, 0x0000000693200000|
| 249|0x0000000693300000, 0x0000000693300000, 0x0000000693400000|  0%| F|  |TS  0|AC  0|TAMS 0x0000000693300000, 0x0000000693300000|
| 250|0x0000000693400000, 0x0000000693400000, 0x0000000693500000|  0%| F|  |TS  0|AC  0|TAMS 0x0000000693400000, 0x0000000693400000|
| 251|0x0000000693500000, 0x0000000693500000, 0x0000000693600000|  0%| F|  |TS  0|AC  0|TAMS 0x0000000693500000, 0x0000000693500000|
| 252|0x0000000693600000, 0x0000000693600000, 0x0000000693700000|  0%| F|  |TS  0|AC  0|TAMS 0x0000000693600000, 0x0000000693600000|
| 253|0x0000000693700000, 0x0000000693700000, 0x0000000693800000|  0%| F|  |TS  0|AC  0|TAMS 0x0000000693700000, 0x0000000693700000|
| 254|0x0000000693800000, 0x0000000693800000, 0x0000000693900000|  0%| F|  |TS  0|AC  0|TAMS 0x0000000693800000, 0x0000000693800000|
| 255|0x0000000693900000, 0x0000000693900000, 0x0000000693a00000|  0%| F|  |TS  0|AC  0|TAMS 0x0000000693900000, 0x0000000693900000|
| 256|0x0000000693a00000, 0x0000000693a00000, 0x0000000693b00000|  0%| F|  |TS  0|AC  0|TAMS 0x0000000693a00000, 0x0000000693a00000|
| 257|0x0000000693b00000, 0x0000000693b00000, 0x0000000693c00000|  0%| F|  |TS  0|AC  0|TAMS 0x0000000693b00000, 0x0000000693b00000|
| 258|0x0000000693c00000, 0x0000000693c00000, 0x0000000693d00000|  0%| F|  |TS  0|AC  0|TAMS 0x0000000693c00000, 0x0000000693c00000|
| 259|0x0000000693d00000, 0x0000000693d00000, 0x0000000693e00000|  0%| F|  |TS  0|AC  0|TAMS 0x0000000693d00000, 0x0000000693d00000|
| 260|0x0000000693e00000, 0x0000000693e00000, 0x0000000693f00000|  0%| F|  |TS  0|AC  0|TAMS 0x0000000693e00000, 0x0000000693e00000|
| 261|0x0000000693f00000, 0x0000000693f00000, 0x0000000694000000|  0%| F|  |TS  0|AC  0|TAMS 0x0000000693f00000, 0x0000000693f00000|
| 262|0x0000000694000000, 0x0000000694000000, 0x0000000694100000|  0%| F|  |TS  0|AC  0|TAMS 0x0000000694000000, 0x0000000694000000|
| 263|0x0000000694100000, 0x0000000694100000, 0x0000000694200000|  0%| F|  |TS  0|AC  0|TAMS 0x0000000694100000, 0x0000000694100000|
| 264|0x0000000694200000, 0x0000000694200000, 0x0000000694300000|  0%| F|  |TS  0|AC  0|TAMS 0x0000000694200000, 0x0000000694200000|
| 265|0x0000000694300000, 0x0000000694300000, 0x0000000694400000|  0%| F|  |TS  0|AC  0|TAMS 0x0000000694300000, 0x0000000694300000|
| 266|0x0000000694400000, 0x0000000694400000, 0x0000000694500000|  0%| F|  |TS  0|AC  0|TAMS 0x0000000694400000, 0x0000000694400000|
| 267|0x0000000694500000, 0x0000000694500000, 0x0000000694600000|  0%| F|  |TS  0|AC  0|TAMS 0x0000000694500000, 0x0000000694500000|
| 268|0x0000000694600000, 0x0000000694600000, 0x0000000694700000|  0%| F|  |TS  0|AC  0|TAMS 0x0000000694600000, 0x0000000694600000|
| 269|0x0000000694700000, 0x0000000694700000, 0x0000000694800000|  0%| F|  |TS  0|AC  0|TAMS 0x0000000694700000, 0x0000000694700000|
| 270|0x0000000694800000, 0x0000000694800000, 0x0000000694900000|  0%| F|  |TS  0|AC  0|TAMS 0x0000000694800000, 0x0000000694800000|
| 271|0x0000000694900000, 0x0000000694900000, 0x0000000694a00000|  0%| F|  |TS  0|AC  0|TAMS 0x0000000694900000, 0x0000000694900000|
| 272|0x0000000694a00000, 0x0000000694a00000, 0x0000000694b00000|  0%| F|  |TS  0|AC  0|TAMS 0x0000000694a00000, 0x0000000694a00000|
| 273|0x0000000694b00000, 0x0000000694b00000, 0x0000000694c00000|  0%| F|  |TS  0|AC  0|TAMS 0x0000000694b00000, 0x0000000694b00000|
| 274|0x0000000694c00000, 0x0000000694c00000, 0x0000000694d00000|  0%| F|  |TS  0|AC  0|TAMS 0x0000000694c00000, 0x0000000694c00000|
| 275|0x0000000694d00000, 0x0000000694d00000, 0x0000000694e00000|  0%| F|  |TS  0|AC  0|TAMS 0x0000000694d00000, 0x0000000694d00000|
| 276|0x0000000694e00000, 0x0000000694e00000, 0x0000000694f00000|  0%| F|  |TS  0|AC  0|TAMS 0x0000000694e00000, 0x0000000694e00000|
| 277|0x0000000694f00000, 0x0000000694f00000, 0x0000000695000000|  0%| F|  |TS  0|AC  0|TAMS 0x0000000694f00000, 0x0000000694f00000|
| 278|0x0000000695000000, 0x0000000695000000, 0x0000000695100000|  0%| F|  |TS  0|AC  0|TAMS 0x0000000695000000, 0x0000000695000000|
| 279|0x0000000695100000, 0x0000000695100000, 0x0000000695200000|  0%| F|  |TS  0|AC  0|TAMS 0x0000000695100000, 0x0000000695100000|
| 280|0x0000000695200000, 0x0000000695200000, 0x0000000695300000|  0%| F|  |TS  0|AC  0|TAMS 0x0000000695200000, 0x0000000695200000|
| 281|0x0000000695300000, 0x0000000695300000, 0x0000000695400000|  0%| F|  |TS  0|AC  0|TAMS 0x0000000695300000, 0x0000000695300000|
| 282|0x0000000695400000, 0x0000000695400000, 0x0000000695500000|  0%| F|  |TS  0|AC  0|TAMS 0x0000000695400000, 0x0000000695400000|
| 283|0x0000000695500000, 0x0000000695500000, 0x0000000695600000|  0%| F|  |TS  0|AC  0|TAMS 0x0000000695500000, 0x0000000695500000|
| 284|0x0000000695600000, 0x0000000695600000, 0x0000000695700000|  0%| F|  |TS  0|AC  0|TAMS 0x0000000695600000, 0x0000000695600000|
| 285|0x0000000695700000, 0x0000000695700000, 0x0000000695800000|  0%| F|  |TS  0|AC  0|TAMS 0x0000000695700000, 0x0000000695700000|
| 286|0x0000000695800000, 0x0000000695800000, 0x0000000695900000|  0%| F|  |TS  0|AC  0|TAMS 0x0000000695800000, 0x0000000695800000|
| 287|0x0000000695900000, 0x0000000695900000, 0x0000000695a00000|  0%| F|  |TS  0|AC  0|TAMS 0x0000000695900000, 0x0000000695900000|
| 288|0x0000000695a00000, 0x0000000695a00000, 0x0000000695b00000|  0%| F|  |TS  0|AC  0|TAMS 0x0000000695a00000, 0x0000000695a00000|
| 289|0x0000000695b00000, 0x0000000695b00000, 0x0000000695c00000|  0%| F|  |TS  0|AC  0|TAMS 0x0000000695b00000, 0x0000000695b00000|
| 290|0x0000000695c00000, 0x0000000695c00000, 0x0000000695d00000|  0%| F|  |TS  0|AC  0|TAMS 0x0000000695c00000, 0x0000000695c00000|
| 291|0x0000000695d00000, 0x0000000695d00000, 0x0000000695e00000|  0%| F|  |TS  0|AC  0|TAMS 0x0000000695d00000, 0x0000000695d00000|
| 292|0x0000000695e00000, 0x0000000695e00000, 0x0000000695f00000|  0%| F|  |TS  0|AC  0|TAMS 0x0000000695e00000, 0x0000000695e00000|
| 293|0x0000000695f00000, 0x0000000695f00000, 0x0000000696000000|  0%| F|  |TS  0|AC  0|TAMS 0x0000000695f00000, 0x0000000695f00000|
| 294|0x0000000696000000, 0x0000000696000000, 0x0000000696100000|  0%| F|  |TS  0|AC  0|TAMS 0x0000000696000000, 0x0000000696000000|
| 295|0x0000000696100000, 0x0000000696100000, 0x0000000696200000|  0%| F|  |TS  0|AC  0|TAMS 0x0000000696100000, 0x0000000696100000|
| 296|0x0000000696200000, 0x0000000696200000, 0x0000000696300000|  0%| F|  |TS  0|AC  0|TAMS 0x0000000696200000, 0x0000000696200000|
| 297|0x0000000696300000, 0x0000000696300000, 0x0000000696400000|  0%| F|  |TS  0|AC  0|TAMS 0x0000000696300000, 0x0000000696300000|
| 298|0x0000000696400000, 0x0000000696400000, 0x0000000696500000|  0%| F|  |TS  0|AC  0|TAMS 0x0000000696400000, 0x0000000696400000|
| 299|0x0000000696500000, 0x0000000696500000, 0x0000000696600000|  0%| F|  |TS  0|AC  0|TAMS 0x0000000696500000, 0x0000000696500000|
| 300|0x0000000696600000, 0x0000000696600000, 0x0000000696700000|  0%| F|  |TS  0|AC  0|TAMS 0x0000000696600000, 0x0000000696600000|
| 301|0x0000000696700000, 0x0000000696700000, 0x0000000696800000|  0%| F|  |TS  0|AC  0|TAMS 0x0000000696700000, 0x0000000696700000|
| 302|0x0000000696800000, 0x0000000696800000, 0x0000000696900000|  0%| F|  |TS  0|AC  0|TAMS 0x0000000696800000, 0x0000000696800000|
| 303|0x0000000696900000, 0x0000000696900000, 0x0000000696a00000|  0%| F|  |TS  0|AC  0|TAMS 0x0000000696900000, 0x0000000696900000|
| 304|0x0000000696a00000, 0x0000000696a00000, 0x0000000696b00000|  0%| F|  |TS  0|AC  0|TAMS 0x0000000696a00000, 0x0000000696a00000|
| 305|0x0000000696b00000, 0x0000000696b00000, 0x0000000696c00000|  0%| F|  |TS  0|AC  0|TAMS 0x0000000696b00000, 0x0000000696b00000|
| 306|0x0000000696c00000, 0x0000000696c00000, 0x0000000696d00000|  0%| F|  |TS  0|AC  0|TAMS 0x0000000696c00000, 0x0000000696c00000|
| 307|0x0000000696d00000, 0x0000000696d00000, 0x0000000696e00000|  0%| F|  |TS  0|AC  0|TAMS 0x0000000696d00000, 0x0000000696d00000|
| 308|0x0000000696e00000, 0x0000000696e00000, 0x0000000696f00000|  0%| F|  |TS  0|AC  0|TAMS 0x0000000696e00000, 0x0000000696e00000|
| 309|0x0000000696f00000, 0x0000000696ff7f88, 0x0000000697000000| 96%| S|CS|TS  0|AC  0|TAMS 0x0000000696f00000, 0x0000000696f00000|
| 310|0x0000000697000000, 0x0000000697000000, 0x0000000697100000|  0%| F|  |TS  0|AC  0|TAMS 0x0000000697000000, 0x0000000697000000|
| 311|0x0000000697100000, 0x0000000697100000, 0x0000000697200000|  0%| F|  |TS  0|AC  0|TAMS 0x0000000697100000, 0x0000000697100000|
| 312|0x0000000697200000, 0x0000000697200000, 0x0000000697300000|  0%| F|  |TS  0|AC  0|TAMS 0x0000000697200000, 0x0000000697200000|
| 313|0x0000000697300000, 0x0000000697380800, 0x0000000697400000| 50%| E|  |TS  0|AC  0|TAMS 0x0000000697300000, 0x0000000697300000|
| 314|0x0000000697400000, 0x0000000697500000, 0x0000000697500000|100%| E|CS|TS  0|AC  0|TAMS 0x0000000697400000, 0x0000000697400000|
| 315|0x0000000697500000, 0x0000000697600000, 0x0000000697600000|100%| E|CS|TS  0|AC  0|TAMS 0x0000000697500000, 0x0000000697500000|
| 316|0x0000000697600000, 0x0000000697700000, 0x0000000697700000|100%| E|CS|TS  0|AC  0|TAMS 0x0000000697600000, 0x0000000697600000|
| 317|0x0000000697700000, 0x0000000697800000, 0x0000000697800000|100%| E|CS|TS  0|AC  0|TAMS 0x0000000697700000, 0x0000000697700000|

Card table byte_map: [0x0000026951e50000,0x0000026952840000] byte_map_base: 0x000002694ea33000

Marking Bits (Prev, Next): (CMBitMap*) 0x000002695d1196f8, (CMBitMap*) 0x000002695d1196c0
 Prev Bits: [0x0000026958150000, 0x000002695d068000)
 Next Bits: [0x0000026953230000, 0x0000026958148000)

Polling page: 0x0000026934d10000

CodeHeap 'non-profiled nmethods': size=120000Kb used=1024Kb max_used=1024Kb free=118976Kb
 bounds [0x0000026949c00000, 0x0000026949e70000, 0x0000026951130000]
CodeHeap 'profiled nmethods': size=120000Kb used=3133Kb max_used=3133Kb free=116866Kb
 bounds [0x00000269426d0000, 0x00000269429e0000, 0x0000026949c00000]
CodeHeap 'non-nmethods': size=5760Kb used=1442Kb max_used=1468Kb free=4317Kb
 bounds [0x0000026942130000, 0x00000269423a0000, 0x00000269426d0000]
 total_blobs=3019 nmethods=1838 adapters=693
 compilation: enabled

Compilation events (10 events):
Event: 13.364 Thread 0x00000269605db800 nmethod 1844 0x00000269429dea90 code [0x00000269429dec40, 0x00000269429dee10]
Event: 13.364 Thread 0x00000269605db800 1845       3       java.lang.invoke.DirectMethodHandle::ftypeKind (31 bytes)
Event: 13.364 Thread 0x00000269605db800 nmethod 1845 0x00000269429def10 code [0x00000269429df0e0, 0x00000269429df380]
Event: 13.364 Thread 0x00000269605db800 1846       3       java.lang.invoke.LambdaForm$NamedFunction::<init> (13 bytes)
Event: 13.365 Thread 0x00000269605db800 nmethod 1846 0x00000269429df490 code [0x00000269429df660, 0x00000269429df8e0]
Event: 13.368 Thread 0x00000269605cf800 nmethod 1802 0x0000026949cfa910 code [0x0000026949cfab00, 0x0000026949cfb5b0]
Event: 13.368 Thread 0x00000269605cf800 1838       4       sun.invoke.util.BytecodeDescriptor::unparseSig (75 bytes)
Event: 13.371 Thread 0x00000269605ce000 nmethod 1835% 0x0000026949cfba10 code [0x0000026949cfbbc0, 0x0000026949cfc078]
Event: 13.371 Thread 0x00000269605ce000 1814       4       java.util.Objects::checkIndex (7 bytes)
Event: 13.372 Thread 0x00000269605ce000 nmethod 1814 0x0000026949cfc210 code [0x0000026949cfc3a0, 0x0000026949cfc418]

GC Heap History (4 events):
Event: 1.510 GC heap before
{Heap before GC invocations=0 (full 0):
 garbage-first heap   total 325632K, used 24576K [0x0000000683a00000, 0x00000007c0000000)
  region size 1024K, 24 young (24576K), 0 survivors (0K)
 Metaspace       used 16986K, capacity 17415K, committed 17664K, reserved 1064960K
  class space    used 2058K, capacity 2255K, committed 2304K, reserved 1048576K
}
Event: 1.517 GC heap after
{Heap after GC invocations=1 (full 0):
 garbage-first heap   total 325632K, used 4273K [0x0000000683a00000, 0x00000007c0000000)
  region size 1024K, 3 young (3072K), 3 survivors (3072K)
 Metaspace       used 16986K, capacity 17415K, committed 17664K, reserved 1064960K
  class space    used 2058K, capacity 2255K, committed 2304K, reserved 1048576K
}
Event: 6.461 GC heap before
{Heap before GC invocations=1 (full 0):
 garbage-first heap   total 325632K, used 11441K [0x0000000683a00000, 0x00000007c0000000)
  region size 1024K, 11 young (11264K), 3 survivors (3072K)
 Metaspace       used 20627K, capacity 21216K, committed 21296K, reserved 1067008K
  class space    used 2618K, capacity 2910K, committed 2944K, reserved 1048576K
}
Event: 6.467 GC heap after
{Heap after GC invocations=2 (full 0):
 garbage-first heap   total 325632K, used 5354K [0x0000000683a00000, 0x00000007c0000000)
  region size 1024K, 1 young (1024K), 1 survivors (1024K)
 Metaspace       used 20627K, capacity 21216K, committed 21296K, reserved 1067008K
  class space    used 2618K, capacity 2910K, committed 2944K, reserved 1048576K
}

Deoptimization events (10 events):
Event: 1.412 Thread 0x00000269618ab800 Uncommon trap: reason=class_check action=maybe_recompile pc=0x0000026949c09230 method=java.lang.String.equals(Ljava/lang/Object;)Z @ 8 c2
Event: 1.557 Thread 0x00000269618ab800 Uncommon trap: reason=intrinsic_or_type_checked_inlining action=make_not_entrant pc=0x0000026949c5e6a0 method=java.util.Arrays.copyOf([Ljava/lang/Object;ILjava/lang/Class;)[Ljava/lang/Object; @ 35 c2
Event: 3.082 Thread 0x0000026961b78800 Uncommon trap: reason=class_check action=maybe_recompile pc=0x0000026949c8ba60 method=java.util.concurrent.ConcurrentHashMap.putVal(Ljava/lang/Object;Ljava/lang/Object;Z)Ljava/lang/Object; @ 242 c2
Event: 3.146 Thread 0x0000026961b78800 Uncommon trap: reason=class_check action=maybe_recompile pc=0x0000026949c8ba60 method=java.util.concurrent.ConcurrentHashMap.putVal(Ljava/lang/Object;Ljava/lang/Object;Z)Ljava/lang/Object; @ 242 c2
Event: 3.322 Thread 0x0000026961b78800 Uncommon trap: reason=class_check action=maybe_recompile pc=0x0000026949c8ba60 method=java.util.concurrent.ConcurrentHashMap.putVal(Ljava/lang/Object;Ljava/lang/Object;Z)Ljava/lang/Object; @ 242 c2
Event: 3.514 Thread 0x0000026961b78800 Uncommon trap: reason=class_check action=maybe_recompile pc=0x0000026949c8ba60 method=java.util.concurrent.ConcurrentHashMap.putVal(Ljava/lang/Object;Ljava/lang/Object;Z)Ljava/lang/Object; @ 242 c2
Event: 3.556 Thread 0x00000269618ab800 Uncommon trap: reason=unstable_if action=reinterpret pc=0x0000026949c74ba4 method=jdk.internal.org.objectweb.asm.Type.getArgumentsAndReturnSizes(Ljava/lang/String;)I @ 47 c2
Event: 3.556 Thread 0x00000269618ab800 Uncommon trap: reason=unstable_if action=reinterpret pc=0x0000026949c47284 method=jdk.internal.org.objectweb.asm.Frame.push(Ljdk/internal/org/objectweb/asm/ClassWriter;Ljava/lang/String;)V @ 18 c2
Event: 6.469 Thread 0x00000269618ab800 Uncommon trap: reason=unstable_if action=reinterpret pc=0x0000026949c7ecac method=java.lang.ref.ReferenceQueue.poll()Ljava/lang/ref/Reference; @ 4 c2
Event: 13.185 Thread 0x00000269618ab800 Uncommon trap: reason=unstable_if action=reinterpret pc=0x0000026949c3a7bc method=java.lang.AbstractStringBuilder.append(Ljava/lang/String;)Ljava/lang/AbstractStringBuilder; @ 1 c2

Classes redefined (0 events):
No events

Internal exceptions (10 events):
Event: 13.346 Thread 0x00000269618ab800 Exception <a 'java/lang/NoSuchMethodError'{0x000000069743f690}: java.lang.invoke.DelegatingMethodHandle$Holder.reinvoke_L(Ljava/lang/Object;IILjava/lang/Object;Ljava/lang/Object;Ljava/lang/Object;Ljava/lang/Object;Ljava/lang/Object;Ljava/lang/Object;)Ljav
Event: 13.348 Thread 0x00000269618ab800 Exception <a 'java/lang/NoSuchMethodError'{0x0000000697450be8}: java.lang.invoke.DirectMethodHandle$Holder.invokeStatic(Ljava/lang/Object;Ljava/lang/Object;Ljava/lang/Object;Ljava/lang/Object;Ljava/lang/Object;Ljava/lang/Object;I)Ljava/lang/Object;> (0x00
Event: 13.350 Thread 0x00000269618ab800 Exception <a 'java/lang/NoSuchMethodError'{0x000000069746ad30}: method resolution failed> (0x000000069746ad30) thrown at [t:/workspace/open/src/hotspot/share/prims/methodHandles.cpp, line 1226]
Event: 13.352 Thread 0x00000269618ab800 Exception <a 'java/lang/NoSuchMethodError'{0x0000000697486610}: method resolution failed> (0x0000000697486610) thrown at [t:/workspace/open/src/hotspot/share/prims/methodHandles.cpp, line 1226]
Event: 13.354 Thread 0x00000269618ab800 Exception <a 'java/lang/NoSuchMethodError'{0x00000006974a4210}: method resolution failed> (0x00000006974a4210) thrown at [t:/workspace/open/src/hotspot/share/prims/methodHandles.cpp, line 1226]
Event: 13.356 Thread 0x00000269618ab800 Exception <a 'java/lang/NoSuchMethodError'{0x00000006974c2cd8}: method resolution failed> (0x00000006974c2cd8) thrown at [t:/workspace/open/src/hotspot/share/prims/methodHandles.cpp, line 1226]
Event: 13.358 Thread 0x00000269618ab800 Exception <a 'java/lang/NoSuchMethodError'{0x00000006974e2fb8}: method resolution failed> (0x00000006974e2fb8) thrown at [t:/workspace/open/src/hotspot/share/prims/methodHandles.cpp, line 1226]
Event: 13.360 Thread 0x00000269618ab800 Exception <a 'java/lang/NoSuchMethodError'{0x0000000697305028}: method resolution failed> (0x0000000697305028) thrown at [t:/workspace/open/src/hotspot/share/prims/methodHandles.cpp, line 1226]
Event: 13.362 Thread 0x00000269618ab800 Exception <a 'java/lang/NoSuchMethodError'{0x00000006973284f0}: method resolution failed> (0x00000006973284f0) thrown at [t:/workspace/open/src/hotspot/share/prims/methodHandles.cpp, line 1226]
Event: 13.364 Thread 0x00000269618ab800 Exception <a 'java/lang/NoSuchMethodError'{0x0000000697336148}: method resolution failed> (0x0000000697336148) thrown at [t:/workspace/open/src/hotspot/share/prims/methodHandles.cpp, line 1226]

Events (10 events):
Event: 13.359 loading class java/lang/invoke/BoundMethodHandle$Species_LLLIILLLLL
Event: 13.359 loading class java/lang/invoke/BoundMethodHandle$Species_LLLIILLLLL done
Event: 13.360 Thread 0x00000269618ab800 DEOPT PACKING pc=0x00000269427b34a4 sp=0x000000db2e4f8df0
Event: 13.360 Thread 0x00000269618ab800 DEOPT UNPACKING pc=0x000002694216e55e sp=0x000000db2e4f82e8 mode 1
Event: 13.361 loading class java/lang/invoke/BoundMethodHandle$Species_LLLIILLLLLL
Event: 13.361 loading class java/lang/invoke/BoundMethodHandle$Species_LLLIILLLLLL done
Event: 13.362 Thread 0x00000269618ab800 DEOPT PACKING pc=0x00000269427b34a4 sp=0x000000db2e4f8df0
Event: 13.362 Thread 0x00000269618ab800 DEOPT UNPACKING pc=0x000002694216e55e sp=0x000000db2e4f82e8 mode 1
Event: 13.364 Thread 0x00000269618ab800 DEOPT PACKING pc=0x00000269427b34a4 sp=0x000000db2e4f9b80
Event: 13.364 Thread 0x00000269618ab800 DEOPT UNPACKING pc=0x000002694216e55e sp=0x000000db2e4f9078 mode 1


Dynamic libraries:
0x00007ff6a89b0000 - 0x00007ff6a89ee000 	C:\Program Files\Java\jdk-10.0.2\bin\java.exe
0x00007fffc3760000 - 0x00007fffc3950000 	C:\Windows\SYSTEM32\ntdll.dll
0x00007fffc2f00000 - 0x00007fffc2fb2000 	C:\Windows\System32\KERNEL32.DLL
0x00007fffc0910000 - 0x00007fffc0bb5000 	C:\Windows\System32\KERNELBASE.dll
0x00007fffc20e0000 - 0x00007fffc2183000 	C:\Windows\System32\ADVAPI32.dll
0x00007fffc22c0000 - 0x00007fffc235e000 	C:\Windows\System32\msvcrt.dll
0x00007fffc3290000 - 0x00007fffc3327000 	C:\Windows\System32\sechost.dll
0x00007fffc1f40000 - 0x00007fffc2060000 	C:\Windows\System32\RPCRT4.dll
0x00007fffc2fc0000 - 0x00007fffc3154000 	C:\Windows\System32\USER32.dll
0x00007fffc0840000 - 0x00007fffc0861000 	C:\Windows\System32\win32u.dll
0x00007fffc3170000 - 0x00007fffc3196000 	C:\Windows\System32\GDI32.dll
0x00007fffc1670000 - 0x00007fffc1806000 	C:\Windows\System32\gdi32full.dll
0x00007fffc14c0000 - 0x00007fffc155e000 	C:\Windows\System32\msvcp_win.dll
0x00007fffc0bf0000 - 0x00007fffc0cea000 	C:\Windows\System32\ucrtbase.dll
0x00007fffa9440000 - 0x00007fffa96c4000 	C:\Windows\WinSxS\amd64_microsoft.windows.common-controls_6595b64144ccf1df_6.0.18362.1139_none_9e7bf2d3e4605ac6\COMCTL32.dll
0x00007fffbf760000 - 0x00007fffbf76a000 	C:\Windows\SYSTEM32\VERSION.dll
0x00007fffc2bc0000 - 0x00007fffc2ef5000 	C:\Windows\System32\combase.dll
0x00007fffc0890000 - 0x00007fffc0910000 	C:\Windows\System32\bcryptPrimitives.dll
0x00007fffc3330000 - 0x00007fffc335e000 	C:\Windows\System32\IMM32.DLL
0x00007fffb65c0000 - 0x00007fffb66af000 	C:\Program Files\Java\jdk-10.0.2\bin\msvcr120.dll
0x00007fffb6510000 - 0x00007fffb65b6000 	C:\Program Files\Java\jdk-10.0.2\bin\msvcp120.dll
0x000000005ee80000 - 0x000000005f8f0000 	C:\Program Files\Java\jdk-10.0.2\bin\server\jvm.dll
0x00007fffc3430000 - 0x00007fffc3438000 	C:\Windows\System32\PSAPI.DLL
0x00007fff89ff0000 - 0x00007fff89ff9000 	C:\Windows\SYSTEM32\WSOCK32.dll
0x00007fffb0760000 - 0x00007fffb0784000 	C:\Windows\SYSTEM32\WINMM.dll
0x00007fffc3510000 - 0x00007fffc357f000 	C:\Windows\System32\WS2_32.dll
0x00007fffb0730000 - 0x00007fffb075d000 	C:\Windows\SYSTEM32\winmmbase.dll
0x00007fffc1470000 - 0x00007fffc14ba000 	C:\Windows\System32\cfgmgr32.dll
0x00007fffbb410000 - 0x00007fffbb41f000 	C:\Program Files\Java\jdk-10.0.2\bin\verify.dll
0x00007fffbedc0000 - 0x00007fffbefb4000 	C:\Windows\SYSTEM32\DBGHELP.DLL
0x00007fffb7f60000 - 0x00007fffb7f8a000 	C:\Windows\SYSTEM32\dbgcore.DLL
0x00007fffb7600000 - 0x00007fffb7627000 	C:\Program Files\Java\jdk-10.0.2\bin\java.dll
0x00007fffb6720000 - 0x00007fffb6756000 	C:\Program Files\Java\jdk-10.0.2\bin\jdwp.dll
0x00007fffb66f0000 - 0x00007fffb671a000 	C:\Program Files\Java\jdk-10.0.2\bin\instrument.dll
0x00007fffbb3f0000 - 0x00007fffbb406000 	C:\Program Files\Java\jdk-10.0.2\bin\zip.dll
0x00007fffbb2e0000 - 0x00007fffbb2ea000 	C:\Program Files\Java\jdk-10.0.2\bin\jimage.dll
0x00007fffc24d0000 - 0x00007fffc2bb7000 	C:\Windows\System32\SHELL32.dll
0x00007fffc1ce0000 - 0x00007fffc1d89000 	C:\Windows\System32\shcore.dll
0x00007fffc0cf0000 - 0x00007fffc1470000 	C:\Windows\System32\windows.storage.dll
0x00007fffc06c0000 - 0x00007fffc06e3000 	C:\Windows\System32\profapi.dll
0x00007fffc0650000 - 0x00007fffc069a000 	C:\Windows\System32\powrprof.dll
0x00007fffc0620000 - 0x00007fffc0630000 	C:\Windows\System32\UMPDC.dll
0x00007fffc36c0000 - 0x00007fffc3712000 	C:\Windows\System32\shlwapi.dll
0x00007fffc0630000 - 0x00007fffc0641000 	C:\Windows\System32\kernel.appcore.dll
0x00007fffc0870000 - 0x00007fffc0887000 	C:\Windows\System32\cryptsp.dll
0x00007fffba390000 - 0x00007fffba39a000 	C:\Program Files\Java\jdk-10.0.2\bin\dt_socket.dll
0x00007fffbfe10000 - 0x00007fffbfe77000 	C:\Windows\system32\mswsock.dll
0x00007fffb8d10000 - 0x00007fffb8d2a000 	C:\Program Files\Java\jdk-10.0.2\bin\net.dll
0x00007fffb8390000 - 0x00007fffb8480000 	C:\Windows\SYSTEM32\WINHTTP.dll
0x00007fffb75c0000 - 0x00007fffb75d1000 	C:\Program Files\Java\jdk-10.0.2\bin\nio.dll
0x0000026934d70000 - 0x0000026934d73000 	C:\Program Files\Java\jdk-10.0.2\bin\api-ms-win-core-console-l1-1-0.dll
0x0000026934d80000 - 0x0000026934d83000 	C:\Program Files\Java\jdk-10.0.2\bin\api-ms-win-core-datetime-l1-1-0.dll
0x0000026934d90000 - 0x0000026934d93000 	C:\Program Files\Java\jdk-10.0.2\bin\api-ms-win-core-debug-l1-1-0.dll
0x0000026934da0000 - 0x0000026934da3000 	C:\Program Files\Java\jdk-10.0.2\bin\api-ms-win-core-errorhandling-l1-1-0.dll
0x0000026934db0000 - 0x0000026934db4000 	C:\Program Files\Java\jdk-10.0.2\bin\api-ms-win-core-file-l1-1-0.dll
0x0000026934dc0000 - 0x0000026934dc3000 	C:\Program Files\Java\jdk-10.0.2\bin\api-ms-win-core-file-l1-2-0.dll
0x0000026936cc0000 - 0x0000026936cc3000 	C:\Program Files\Java\jdk-10.0.2\bin\api-ms-win-core-file-l2-1-0.dll
0x0000026936cd0000 - 0x0000026936cd3000 	C:\Program Files\Java\jdk-10.0.2\bin\api-ms-win-core-handle-l1-1-0.dll
0x0000026936ce0000 - 0x0000026936ce3000 	C:\Program Files\Java\jdk-10.0.2\bin\api-ms-win-core-heap-l1-1-0.dll
0x0000026936cf0000 - 0x0000026936cf3000 	C:\Program Files\Java\jdk-10.0.2\bin\api-ms-win-core-interlocked-l1-1-0.dll
0x0000026936d00000 - 0x0000026936d03000 	C:\Program Files\Java\jdk-10.0.2\bin\api-ms-win-core-libraryloader-l1-1-0.dll
0x0000026936d10000 - 0x0000026936d13000 	C:\Program Files\Java\jdk-10.0.2\bin\api-ms-win-core-localization-l1-2-0.dll
0x0000026936d20000 - 0x0000026936d23000 	C:\Program Files\Java\jdk-10.0.2\bin\api-ms-win-core-memory-l1-1-0.dll
0x0000026936d30000 - 0x0000026936d33000 	C:\Program Files\Java\jdk-10.0.2\bin\api-ms-win-core-namedpipe-l1-1-0.dll
0x0000026936d40000 - 0x0000026936d43000 	C:\Program Files\Java\jdk-10.0.2\bin\api-ms-win-core-processenvironment-l1-1-0.dll
0x0000026936d50000 - 0x0000026936d53000 	C:\Program Files\Java\jdk-10.0.2\bin\api-ms-win-core-processthreads-l1-1-0.dll
0x0000026936d60000 - 0x0000026936d63000 	C:\Program Files\Java\jdk-10.0.2\bin\api-ms-win-core-processthreads-l1-1-1.dll
0x0000026936d70000 - 0x0000026936d73000 	C:\Program Files\Java\jdk-10.0.2\bin\api-ms-win-core-profile-l1-1-0.dll
0x0000026961130000 - 0x0000026961133000 	C:\Program Files\Java\jdk-10.0.2\bin\api-ms-win-core-rtlsupport-l1-1-0.dll
0x0000026961140000 - 0x0000026961143000 	C:\Program Files\Java\jdk-10.0.2\bin\api-ms-win-core-string-l1-1-0.dll
0x0000026961150000 - 0x0000026961153000 	C:\Program Files\Java\jdk-10.0.2\bin\api-ms-win-core-synch-l1-1-0.dll
0x0000026961160000 - 0x0000026961163000 	C:\Program Files\Java\jdk-10.0.2\bin\api-ms-win-core-synch-l1-2-0.dll
0x0000026961170000 - 0x0000026961173000 	C:\Program Files\Java\jdk-10.0.2\bin\api-ms-win-core-sysinfo-l1-1-0.dll
0x0000026961180000 - 0x0000026961183000 	C:\Program Files\Java\jdk-10.0.2\bin\api-ms-win-core-timezone-l1-1-0.dll
0x0000026961190000 - 0x0000026961193000 	C:\Program Files\Java\jdk-10.0.2\bin\api-ms-win-core-util-l1-1-0.dll
0x00000269611a0000 - 0x00000269611a3000 	C:\Program Files\Java\jdk-10.0.2\bin\api-ms-win-crt-conio-l1-1-0.dll
0x00000269611b0000 - 0x00000269611b4000 	C:\Program Files\Java\jdk-10.0.2\bin\api-ms-win-crt-convert-l1-1-0.dll
0x00000269611c0000 - 0x00000269611c3000 	C:\Program Files\Java\jdk-10.0.2\bin\api-ms-win-crt-environment-l1-1-0.dll
0x00000269611d0000 - 0x00000269611d3000 	C:\Program Files\Java\jdk-10.0.2\bin\api-ms-win-crt-filesystem-l1-1-0.dll
0x00000269611e0000 - 0x00000269611e3000 	C:\Program Files\Java\jdk-10.0.2\bin\api-ms-win-crt-heap-l1-1-0.dll
0x00000269611f0000 - 0x00000269611f3000 	C:\Program Files\Java\jdk-10.0.2\bin\api-ms-win-crt-locale-l1-1-0.dll
0x0000026961200000 - 0x0000026961205000 	C:\Program Files\Java\jdk-10.0.2\bin\api-ms-win-crt-math-l1-1-0.dll
0x0000026961210000 - 0x0000026961215000 	C:\Program Files\Java\jdk-10.0.2\bin\api-ms-win-crt-multibyte-l1-1-0.dll
0x0000026961220000 - 0x0000026961230000 	C:\Program Files\Java\jdk-10.0.2\bin\api-ms-win-crt-private-l1-1-0.dll
0x0000026961230000 - 0x0000026961233000 	C:\Program Files\Java\jdk-10.0.2\bin\api-ms-win-crt-process-l1-1-0.dll
0x0000026961240000 - 0x0000026961244000 	C:\Program Files\Java\jdk-10.0.2\bin\api-ms-win-crt-runtime-l1-1-0.dll
0x0000026961250000 - 0x0000026961254000 	C:\Program Files\Java\jdk-10.0.2\bin\api-ms-win-crt-stdio-l1-1-0.dll
0x0000026961260000 - 0x0000026961264000 	C:\Program Files\Java\jdk-10.0.2\bin\api-ms-win-crt-string-l1-1-0.dll
0x0000026961270000 - 0x0000026961273000 	C:\Program Files\Java\jdk-10.0.2\bin\api-ms-win-crt-time-l1-1-0.dll
0x0000026961280000 - 0x0000026961283000 	C:\Program Files\Java\jdk-10.0.2\bin\api-ms-win-crt-utility-l1-1-0.dll
0x00007fff9ff50000 - 0x00007fffa0046000 	C:\Program Files\Java\jdk-10.0.2\bin\ucrtbase.dll
0x00007fffb6140000 - 0x00007fffb6156000 	C:\Program Files\Java\jdk-10.0.2\bin\vcruntime140.dll
0x00007fffb60a0000 - 0x00007fffb613c000 	C:\Program Files\Java\jdk-10.0.2\bin\msvcp140.dll
0x00007fffb5230000 - 0x00007fffb5281000 	C:\Program Files\Java\jdk-10.0.2\bin\concrt140.dll
0x00007fffb5160000 - 0x00007fffb5183000 	C:\Program Files\Java\jdk-10.0.2\bin\prism_d3d.dll
0x00007fff8c4d0000 - 0x00007fff8c697000 	C:\Windows\system32\d3d9.dll
0x00007fffbe9a0000 - 0x00007fffbe9cd000 	C:\Windows\SYSTEM32\dwmapi.dll
0x00007fffbf100000 - 0x00007fffbf120000 	C:\Windows\SYSTEM32\dxcore.dll
0x00007fffbe460000 - 0x00007fffbe4f9000 	C:\Windows\system32\uxtheme.dll
0x00007fff9fde0000 - 0x00007fff9ff43000 	C:\Windows\System32\DriverStore\FileRepository\iigd_dch.inf_amd64_11b797a1df117bd0\igdumdim64.dll
0x00007fff62400000 - 0x00007fff665bf000 	C:\Windows\System32\DriverStore\FileRepository\iigd_dch.inf_amd64_11b797a1df117bd0\igd9dxva64.dll
0x00007fffc2360000 - 0x00007fffc24b7000 	C:\Windows\System32\ole32.dll
0x00007fffc3360000 - 0x00007fffc3425000 	C:\Windows\System32\OLEAUT32.dll
0x00007fffa2fa0000 - 0x00007fffa3143000 	C:\Windows\System32\DriverStore\FileRepository\iigd_dch.inf_amd64_11b797a1df117bd0\igdgmm64.dll
0x00007fffb5110000 - 0x00007fffb515a000 	C:\Program Files\Java\jdk-10.0.2\bin\glass.dll
0x00007fffc3440000 - 0x00007fffc3510000 	C:\Windows\System32\COMDLG32.dll
0x00007fffc3580000 - 0x00007fffc36b5000 	C:\Windows\System32\MSCTF.dll
0x00007fffb5510000 - 0x00007fffb5536000 	C:\Windows\System32\DriverStore\FileRepository\iigd_dch.inf_amd64_11b797a1df117bd0\igdinfo64.dll
0x00007fffa0370000 - 0x00007fffa27ad000 	C:\Windows\System32\DriverStore\FileRepository\iigd_dch.inf_amd64_11b797a1df117bd0\igc64.dll
0x00007fffb50f0000 - 0x00007fffb5104000 	C:\Program Files\Java\jdk-10.0.2\bin\javafx_font.dll
0x00007fff9fc40000 - 0x00007fff9fddb000 	C:\Program Files\Java\jdk-10.0.2\bin\awt.dll
0x00007fffbcf80000 - 0x00007fffbd540000 	C:\Windows\SYSTEM32\d2d1.dll
0x00007fffbe390000 - 0x00007fffbe41f000 	C:\Windows\SYSTEM32\apphelp.dll
0x00007fffb4ff0000 - 0x00007fffb5055000 	C:\Program Files\Java\jdk-10.0.2\bin\fontmanager.dll
0x00007fffa2ca0000 - 0x00007fffa2f9e000 	C:\Windows\SYSTEM32\dwrite.dll
0x00007fffc21b0000 - 0x00007fffc2252000 	C:\Windows\System32\clbcatq.dll
0x00007fffabd70000 - 0x00007fffabf1f000 	C:\Windows\SYSTEM32\WindowsCodecs.dll
0x00007fff94dd0000 - 0x00007fff94e0a000 	C:\Windows\system32\dataexchange.dll
0x00007fffbdc00000 - 0x00007fffbdddd000 	C:\Windows\system32\dcomp.dll
0x00007fffbd540000 - 0x00007fffbd79b000 	C:\Windows\system32\d3d11.dll
0x00007fffbf190000 - 0x00007fffbf27b000 	C:\Windows\system32\dxgi.dll
0x00007fffbe520000 - 0x00007fffbe782000 	C:\Windows\system32\twinapi.appcore.dll
0x00007fffbe890000 - 0x00007fffbe8b9000 	C:\Windows\system32\RMCLIENT.dll
0x00007fffb4f30000 - 0x00007fffb4f63000 	C:\Program Files\Common Files\Microsoft Shared\Ink\rtscom.dll
0x00007fffa6d20000 - 0x00007fffa6dbe000 	C:\Windows\System32\TextInputFramework.dll
0x00007fffac500000 - 0x00007fffac82a000 	C:\Windows\System32\CoreUIComponents.dll
0x00007fffbe150000 - 0x00007fffbe224000 	C:\Windows\System32\CoreMessaging.dll
0x00007fffbf4f0000 - 0x00007fffbf521000 	C:\Windows\SYSTEM32\ntmarta.dll

dbghelp: loaded successfully - version: 4.0.5 - missing functions: none
symbol engine: initialized successfully - sym options: 0x614 - pdb path: .;C:\Program Files\Java\jdk-10.0.2\bin;C:\Windows\SYSTEM32;C:\Windows\WinSxS\amd64_microsoft.windows.common-controls_6595b64144ccf1df_6.0.18362.1139_none_9e7bf2d3e4605ac6;C:\Program Files\Java\jdk-10.0.2\bin\server;C:\Windows\System32\DriverStore\FileRepository\iigd_dch.inf_amd64_11b797a1df117bd0;C:\Program Files\Common Files\Microsoft Shared\Ink;C:\Windows\Microsoft.NET\Framework64\v4.0.30319;C:\Windows\assembly\NativeImages_v4.0.30319_64\mscorlib\52ce2de93895cec3507794c893974551;C:\Windows\assembly\NativeImages_v4.0.30319_64\System\11b8b7ed51c47042b76fe5b32dfd449f;C:\Windows\assembly\NativeImages_v4.0.30319_64\System.Drawing\34b6d05f5af23ea33a3a82816c5038b5;C:\Program Files\Intel\OptaneShellExtensions;C:\Windows\assembly\NativeImages_v4.0.30319_64\System.Core\1fd0d2be29c2fe80e8171054a45b8d4e;C:\Windows\assembly\NativeImages_v4.0.30319_64\System.Configuration\0c2230289805121d0d454e672c8d72cc;C:\Windows\assembly\NativeImages_v4.0.30319_64\System.Xml\da63232ab47cbdbe78f2126762a3b4f4;C:\Users\alfaa\AppData\Local\Microsoft\OneDrive\20.169.0823.0006\amd64

VM Arguments:
jvm_args: -agentlib:jdwp=transport=dt_socket,address=127.0.0.1:52468,suspend=y,server=n -javaagent:C:\Users\alfaa\.IntelliJIdea2019.3\system\captureAgent\debugger-agent.jar -Dfile.encoding=UTF-8 
java_command: Main
java_class_path (initial): D:\alfaa\School\Programming\Session3\Lab_7\out\production\Lab_7;C:\Program Files\JetBrains\IntelliJ IDEA 2019.3.2\lib\idea_rt.jar
Launcher Type: SUN_STANDARD

Logging:
Log output configuration:
#0: stdout all=warning uptime,level,tags
#1: stderr all=off uptime,level,tags

Environment Variables:
PATH=C:\Program Files (x86)\Common Files\Oracle\Java\javapath;C:\Windows\system32;C:\Windows;C:\Windows\System32\Wbem;C:\Windows\System32\WindowsPowerShell\v1.0\;C:\Windows\System32\OpenSSH\;C:\Program Files\Git\cmd;C:\Users\alfaa\AppData\Local\Programs\Python\Launcher\;C:\Users\alfaa\AppData\Local\Microsoft\WindowsApps;
USERNAME=alfaa
OS=Windows_NT
PROCESSOR_IDENTIFIER=Intel64 Family 6 Model 126 Stepping 5, GenuineIntel



---------------  S Y S T E M  ---------------

OS: Windows 10 , 64 bit Build 18362 (10.0.18362.1110)

CPU:total 8 (initial active 8) (4 cores per cpu, 2 threads per core) family 6 model 126 stepping 5, cmov, cx8, fxsr, mmx, sse, sse2, sse3, ssse3, sse4.1, sse4.2, popcnt, avx, avx2, aes, clmul, erms, 3dnowpref, lzcnt, ht, tsc, tscinvbit, bmi1, bmi2, adx, evex, sha, fma

Memory: 4k page, physical 20733408k(11819772k free), swap 23879136k(13130764k free)

vm_info: Java HotSpot(TM) 64-Bit Server VM (10.0.2+13) for windows-amd64 JRE (10.0.2+13), built on Jun 28 2018 01:57:56 by "mach5one" with MS VC++ 12.0 (VS2013)

END.
